<?xml version="1.0" encoding="UTF-8"?>
<!-- Generated by org.testng.reporters.JUnitXMLReporter -->
<testsuite ignored="18" hostname="LTIN674417" failures="0" tests="1" name="Default test" time="0.048" errors="0" timestamp="2026-02-16T17:23:02 IST">
  <testcase classname="com.insurEdge.Utilities.BrowserConfig" name="@BeforeClass setUp" time="-1.771242782798E9">
    <failure type="org.testng.TestNGException" message="
Parameter &amp;apos;browser&amp;apos; is required by BeforeClass on method setUp but has not been marked @Optional or defined
in C:\Users\2461365\AppData\Local\Temp\testng-eclipse-1999844774\testng-customsuite.xml">
      <![CDATA[org.testng.TestNGException: 
Parameter 'browser' is required by BeforeClass on method setUp but has not been marked @Optional or defined
in C:\Users\2461365\AppData\Local\Temp\testng-eclipse-1999844774\testng-customsuite.xml
at org.testng.internal.Parameters.createParams(Parameters.java:264)
at org.testng.internal.Parameters.createParametersForMethod(Parameters.java:352)
at org.testng.internal.Parameters.createParameters(Parameters.java:690)
at org.testng.internal.Parameters.createConfigurationParameters(Parameters.java:163)
at org.testng.internal.invokers.ConfigInvoker.invokeConfigurations(ConfigInvoker.java:313)
at org.testng.internal.invokers.TestMethodWorker.invokeBeforeClassMethods(TestMethodWorker.java:188)
at org.testng.internal.invokers.TestMethodWorker.run(TestMethodWorker.java:128)
at java.base/java.util.ArrayList.forEach(ArrayList.java:1596)
at org.testng.TestRunner.privateRun(TestRunner.java:739)
at org.testng.TestRunner.run(TestRunner.java:614)
at org.testng.SuiteRunner.runTest(SuiteRunner.java:421)
at org.testng.SuiteRunner.runSequentially(SuiteRunner.java:413)
at org.testng.SuiteRunner.privateRun(SuiteRunner.java:373)
at org.testng.SuiteRunner.run(SuiteRunner.java:312)
at org.testng.SuiteRunnerWorker.runSuite(SuiteRunnerWorker.java:52)
at org.testng.SuiteRunnerWorker.run(SuiteRunnerWorker.java:95)
at org.testng.TestNG.runSuitesSequentially(TestNG.java:1274)
at org.testng.TestNG.runSuitesLocally(TestNG.java:1208)
at org.testng.TestNG.runSuites(TestNG.java:1112)
at org.testng.TestNG.run(TestNG.java:1079)
at org.testng.remote.AbstractRemoteTestNG.run(AbstractRemoteTestNG.java:115)
at org.testng.remote.RemoteTestNG.initAndRun(RemoteTestNG.java:293)
at org.testng.remote.RemoteTestNG.main(RemoteTestNG.java:91)
]]>
    </failure>
  </testcase> <!-- @BeforeClass setUp -->
  <testcase classname="com.insurEdge.testScripts.US17_P1_02" name="validateDashboard" time="0.0">
    <skipped/>
  </testcase> <!-- validateDashboard -->
  <testcase classname="com.insurEdge.testScripts.US17_P1_02" name="validateViewCustomer" time="0.0">
    <ignored/>
  </testcase> <!-- validateViewCustomer -->
  <testcase classname="com.insurEdge.testScripts.US17_P1_02" name="validateAppliedPolicyHolder" time="0.0">
    <ignored/>
  </testcase> <!-- validateAppliedPolicyHolder -->
  <testcase classname="com.insurEdge.testScripts.US17_P1_02" name="validateAuthorizePolicy" time="0.0">
    <ignored/>
  </testcase> <!-- validateAuthorizePolicy -->
  <testcase classname="com.insurEdge.testScripts.US17_P1_02" name="validateAuthorizeCustomer" time="0.0">
    <ignored/>
  </testcase> <!-- validateAuthorizeCustomer -->
  <testcase classname="com.insurEdge.testScripts.US17_P1_02" name="validateCustomerMenu" time="0.0">
    <ignored/>
  </testcase> <!-- validateCustomerMenu -->
  <testcase classname="com.insurEdge.testScripts.US17_P1_02" name="validateApprovedPolicyHolder" time="0.0">
    <ignored/>
  </testcase> <!-- validateApprovedPolicyHolder -->
  <testcase classname="com.insurEdge.testScripts.US17_P1_02" name="validatePolicyHolderMenu" time="0.0">
    <ignored/>
  </testcase> <!-- validatePolicyHolderMenu -->
  <testcase classname="com.insurEdge.testScripts.US17_P1_02" name="validateCreatePolicy" time="0.0">
    <ignored/>
  </testcase> <!-- validateCreatePolicy -->
  <testcase classname="com.insurEdge.testScripts.US17_P1_02" name="validateViewPolicy" time="0.0">
    <ignored/>
  </testcase> <!-- validateViewPolicy -->
  <testcase classname="com.insurEdge.testScripts.US17_P1_02" name="validateRejectedPolicyHolder" time="0.0">
    <ignored/>
  </testcase> <!-- validateRejectedPolicyHolder -->
  <testcase classname="com.insurEdge.testScripts.US17_P1_02" name="validatePendingPolicyHolder" time="0.0">
    <ignored/>
  </testcase> <!-- validatePendingPolicyHolder -->
  <testcase classname="com.insurEdge.testScripts.US17_P1_02" name="validateCreateCustomer" time="0.0">
    <ignored/>
  </testcase> <!-- validateCreateCustomer -->
  <testcase classname="com.insurEdge.testScripts.US17_P1_02" name="validateQuestionsMenuAndLinks" time="0.0">
    <ignored/>
  </testcase> <!-- validateQuestionsMenuAndLinks -->
  <testcase classname="com.insurEdge.testScripts.US17_P1_02" name="validateModifyPolicy" time="0.0">
    <ignored/>
  </testcase> <!-- validateModifyPolicy -->
  <testcase classname="com.insurEdge.testScripts.US17_P1_02" name="validateCreateMainCategory" time="0.0">
    <ignored/>
  </testcase> <!-- validateCreateMainCategory -->
  <testcase classname="com.insurEdge.testScripts.US17_P1_02" name="validateCategoryMenu" time="0.0">
    <ignored/>
  </testcase> <!-- validateCategoryMenu -->
  <testcase classname="com.insurEdge.testScripts.US17_P1_02" name="validatePolicyMenu" time="0.0">
    <ignored/>
  </testcase> <!-- validatePolicyMenu -->
  <testcase classname="com.insurEdge.testScripts.US17_P1_02" name="validateCreateSubCategory" time="0.0">
    <ignored/>
  </testcase> <!-- validateCreateSubCategory -->
</testsuite> <!-- Default test -->
