<?xml version="1.0" encoding="UTF-8"?>
<!-- Generated by org.testng.reporters.JUnitXMLReporter -->
<testsuite ignored="0" hostname="LTIN673989" failures="0" tests="8" name="HeaderAndLeftPanelTests" time="18.434" errors="0" timestamp="2026-02-19T21:48:16 IST">
  <testcase classname="com.insurEdge.testScripts.US17_P1_01" name="validateMenuButton" time="0.339"/>
  <testcase classname="com.insurEdge.testScripts.US17_P1_01" name="validateLogo" time="0.398"/>
  <testcase classname="com.insurEdge.testScripts.US17_P1_01" name="validateUsernameDisplayedAndMatch" time="0.099"/>
  <testcase classname="com.insurEdge.testScripts.US17_P1_01" name="validateProfileImageCircular" time="0.064"/>
  <testcase classname="com.insurEdge.testScripts.US17_P1_01" name="validateUsernameColorAndPosition" time="0.108"/>
  <testcase classname="com.insurEdge.testScripts.US17_P1_01" name="validateUserProfileDropdown" time="0.227"/>
  <testcase classname="com.insurEdge.testScripts.US17_P1_05" name="validateHamburgerClose" time="0.746"/>
  <testcase classname="com.insurEdge.testScripts.US17_P1_05" name="validateHamburgerOpen" time="0.352"/>
</testsuite> <!-- HeaderAndLeftPanelTests -->
