<?xml version="1.0" encoding="UTF-8"?>
<!-- Generated by org.testng.reporters.JUnitXMLReporter -->
<testsuite ignored="0" hostname="LTIN674417" failures="0" tests="6" name="HeaderAndLeftPanelTests1" time="39.665" errors="0" timestamp="2026-02-16T17:32:49 IST">
  <testcase classname="com.insurEdge.testScripts.US17_P1_01" name="validateMenuButton" time="0.449"/>
  <testcase classname="com.insurEdge.testScripts.US17_P1_01" name="validateLogo" time="0.634"/>
  <testcase classname="com.insurEdge.testScripts.US17_P1_01" name="validateUsernameDisplayedAndMatch" time="0.399"/>
  <testcase classname="com.insurEdge.testScripts.US17_P1_01" name="validateProfileImageCircular" time="0.332"/>
  <testcase classname="com.insurEdge.testScripts.US17_P1_01" name="validateUsernameColorAndPosition" time="0.38"/>
  <testcase classname="com.insurEdge.testScripts.US17_P1_01" name="validateUserProfileDropdown" time="0.466"/>
</testsuite> <!-- HeaderAndLeftPanelTests1 -->
