<?xml version="1.0" encoding="UTF-8"?>
<!-- Generated by org.testng.reporters.JUnitXMLReporter -->
<testsuite ignored="0" hostname="LTIN673989" failures="0" tests="2" name="HeaderAndLeftPanelTests" time="16.499" errors="0" timestamp="2026-02-19T18:13:30 IST">
  <testcase classname="com.insurEdge.testScripts.US17_P1_05" name="validateHamburgerClose" time="2.647"/>
  <testcase classname="com.insurEdge.testScripts.US17_P1_05" name="validateHamburgerOpen" time="0.645"/>
</testsuite> <!-- HeaderAndLeftPanelTests -->
