<?xml version="1.0" encoding="UTF-8"?>
<!-- Generated by org.testng.reporters.JUnitXMLReporter -->
<testsuite ignored="0" hostname="LTIN673989" failures="10" tests="71" name="HeaderAndLeftPanelTests" time="273.783" errors="0" timestamp="2026-02-20T11:29:35 IST">
  <testcase classname="com.insurEdge.testScripts.US17_P1_01" name="validateMenuButton" time="0.559"/>
  <testcase classname="com.insurEdge.testScripts.US17_P1_01" name="validateLogo" time="0.652"/>
  <testcase classname="com.insurEdge.testScripts.US17_P1_01" name="validateUsernameDisplayedAndMatch" time="0.141"/>
  <testcase classname="com.insurEdge.testScripts.US17_P1_01" name="validateProfileImageCircular" time="0.112"/>
  <testcase classname="com.insurEdge.testScripts.US17_P1_01" name="validateUsernameColorAndPosition" time="0.203"/>
  <testcase classname="com.insurEdge.testScripts.US17_P1_01" name="validateUserProfileDropdown" time="0.318"/>
  <testcase classname="com.insurEdge.testScripts.US17_P1_05" name="validateHamburgerClose" time="2.133"/>
  <testcase classname="com.insurEdge.testScripts.US17_P1_05" name="validateHamburgerOpen" time="0.683"/>
  <testcase classname="com.insurEdge.testScripts.US17_P1_06" name="dashboard" time="1.059"/>
  <testcase classname="com.insurEdge.testScripts.US17_P1_06" name="expandCustomer" time="0.548"/>
  <testcase classname="com.insurEdge.testScripts.US17_P1_06" name="customerCreate" time="0.722">
    <failure type="org.openqa.selenium.ElementNotInteractableException" message="element not interactable: element has zero size
  (Session info: chrome=142.0.7444.176)
Build info: version: &amp;apos;4.40.0&amp;apos;, revision: &amp;apos;b3333f1&amp;apos;
System info: os.name: &amp;apos;Windows 11&amp;apos;, os.arch: &amp;apos;amd64&amp;apos;, os.version: &amp;apos;10.0&amp;apos;, java.version: &amp;apos;21&amp;apos;
Driver info: org.openqa.selenium.chrome.ChromeDriver
Command: [f6e7befd0b1f96729432257d877719c4, clickElement {id=f.474E809CD84539ECB0DEFEA8A7B13710.d.E18003AD15CF1451E88B4660351C9D52.e.59}]
Capabilities {acceptInsecureCerts: false, browserName: chrome, browserVersion: 142.0.7444.176, chrome: {chromedriverVersion: 142.0.7444.175 (302067f14a4..., userDataDir: C:\Users\2461407\AppData\Lo...}, fedcm:accounts: true, goog:chromeOptions: {debuggerAddress: localhost:56804}, goog:processID: 26900, networkConnectionEnabled: false, pageLoadStrategy: normal, platformName: windows, proxy: Proxy(), se:cdp: ws://localhost:56804/devtoo..., se:cdpVersion: 142.0.7444.176, setWindowRect: true, strictFileInteractability: false, timeouts: {implicit: 0, pageLoad: 300000, script: 30000}, unhandledPromptBehavior: dismiss and notify, webauthn:extension:credBlob: true, webauthn:extension:largeBlob: true, webauthn:extension:minPinLength: true, webauthn:extension:prf: true, webauthn:virtualAuthenticators: true}
Element: [[ChromeDriver: chrome on windows (f6e7befd0b1f96729432257d877719c4)] -&amp;gt; css selector: #components-nav a[href*=&amp;apos;CreateCustomer&amp;apos;]]
Session ID: f6e7befd0b1f96729432257d877719c4">
      <![CDATA[org.openqa.selenium.ElementNotInteractableException: element not interactable: element has zero size
  (Session info: chrome=142.0.7444.176)
Build info: version: '4.40.0', revision: 'b3333f1'
System info: os.name: 'Windows 11', os.arch: 'amd64', os.version: '10.0', java.version: '21'
Driver info: org.openqa.selenium.chrome.ChromeDriver
Command: [f6e7befd0b1f96729432257d877719c4, clickElement {id=f.474E809CD84539ECB0DEFEA8A7B13710.d.E18003AD15CF1451E88B4660351C9D52.e.59}]
Capabilities {acceptInsecureCerts: false, browserName: chrome, browserVersion: 142.0.7444.176, chrome: {chromedriverVersion: 142.0.7444.175 (302067f14a4..., userDataDir: C:\Users\2461407\AppData\Lo...}, fedcm:accounts: true, goog:chromeOptions: {debuggerAddress: localhost:56804}, goog:processID: 26900, networkConnectionEnabled: false, pageLoadStrategy: normal, platformName: windows, proxy: Proxy(), se:cdp: ws://localhost:56804/devtoo..., se:cdpVersion: 142.0.7444.176, setWindowRect: true, strictFileInteractability: false, timeouts: {implicit: 0, pageLoad: 300000, script: 30000}, unhandledPromptBehavior: dismiss and notify, webauthn:extension:credBlob: true, webauthn:extension:largeBlob: true, webauthn:extension:minPinLength: true, webauthn:extension:prf: true, webauthn:virtualAuthenticators: true}
Element: [[ChromeDriver: chrome on windows (f6e7befd0b1f96729432257d877719c4)] -> css selector: #components-nav a[href*='CreateCustomer']]
Session ID: f6e7befd0b1f96729432257d877719c4
at org.openqa.selenium.remote.ErrorCodec.decode(ErrorCodec.java:169)
at org.openqa.selenium.remote.codec.w3c.W3CHttpResponseCodec.decode(W3CHttpResponseCodec.java:142)
at org.openqa.selenium.remote.codec.w3c.W3CHttpResponseCodec.decode(W3CHttpResponseCodec.java:49)
at org.openqa.selenium.remote.HttpCommandExecutor.execute(HttpCommandExecutor.java:223)
at org.openqa.selenium.remote.service.DriverCommandExecutor.invokeExecute(DriverCommandExecutor.java:216)
at org.openqa.selenium.remote.service.DriverCommandExecutor.execute(DriverCommandExecutor.java:174)
at org.openqa.selenium.remote.RemoteWebDriver.execute(RemoteWebDriver.java:601)
at org.openqa.selenium.remote.RemoteWebElement.execute(RemoteWebElement.java:223)
at org.openqa.selenium.remote.RemoteWebElement.click(RemoteWebElement.java:76)
at com.insurEdge.testScripts.US17_P1_06.clickAndValidate(US17_P1_06.java:22)
at com.insurEdge.testScripts.US17_P1_06.customerCreate(US17_P1_06.java:93)
at java.base/java.util.ArrayList.forEach(ArrayList.java:1596)
... Removed 25 stack frames]]>
    </failure>
  </testcase> <!-- customerCreate -->
  <testcase classname="com.insurEdge.testScripts.US17_P1_06" name="customerView" time="1.029"/>
  <testcase classname="com.insurEdge.testScripts.US17_P1_06" name="customerAuthorize" time="1.743"/>
  <testcase classname="com.insurEdge.testScripts.US17_P1_06" name="expandCategory" time="0.477"/>
  <testcase classname="com.insurEdge.testScripts.US17_P1_06" name="createMainCategory" time="1.707">
    <failure type="org.openqa.selenium.ElementClickInterceptedException" message="element click intercepted: Element &amp;lt;a href=&amp;quot;AdminCreateMainCategory.aspx&amp;quot;&amp;gt;...&amp;lt;/a&amp;gt; is not clickable at point (130, 20). Other element would receive the click: &amp;lt;span class=&amp;quot;d-none d-lg-block&amp;quot;&amp;gt;...&amp;lt;/span&amp;gt;
  (Session info: chrome=142.0.7444.176)
Build info: version: &amp;apos;4.40.0&amp;apos;, revision: &amp;apos;b3333f1&amp;apos;
System info: os.name: &amp;apos;Windows 11&amp;apos;, os.arch: &amp;apos;amd64&amp;apos;, os.version: &amp;apos;10.0&amp;apos;, java.version: &amp;apos;21&amp;apos;
Driver info: org.openqa.selenium.chrome.ChromeDriver
Command: [f6e7befd0b1f96729432257d877719c4, clickElement {id=f.474E809CD84539ECB0DEFEA8A7B13710.d.C172C4B9B3E2F544F77DDF9B9E1DACE5.e.96}]
Capabilities {acceptInsecureCerts: false, browserName: chrome, browserVersion: 142.0.7444.176, chrome: {chromedriverVersion: 142.0.7444.175 (302067f14a4..., userDataDir: C:\Users\2461407\AppData\Lo...}, fedcm:accounts: true, goog:chromeOptions: {debuggerAddress: localhost:56804}, goog:processID: 26900, networkConnectionEnabled: false, pageLoadStrategy: normal, platformName: windows, proxy: Proxy(), se:cdp: ws://localhost:56804/devtoo..., se:cdpVersion: 142.0.7444.176, setWindowRect: true, strictFileInteractability: false, timeouts: {implicit: 0, pageLoad: 300000, script: 30000}, unhandledPromptBehavior: dismiss and notify, webauthn:extension:credBlob: true, webauthn:extension:largeBlob: true, webauthn:extension:minPinLength: true, webauthn:extension:prf: true, webauthn:virtualAuthenticators: true}
Element: [[ChromeDriver: chrome on windows (f6e7befd0b1f96729432257d877719c4)] -&amp;gt; css selector: #forms-nav a[href*=&amp;apos;AdminCreateMainCategory&amp;apos;]]
Session ID: f6e7befd0b1f96729432257d877719c4">
      <![CDATA[org.openqa.selenium.ElementClickInterceptedException: element click intercepted: Element <a href="AdminCreateMainCategory.aspx">...</a> is not clickable at point (130, 20). Other element would receive the click: <span class="d-none d-lg-block">...</span>
  (Session info: chrome=142.0.7444.176)
Build info: version: '4.40.0', revision: 'b3333f1'
System info: os.name: 'Windows 11', os.arch: 'amd64', os.version: '10.0', java.version: '21'
Driver info: org.openqa.selenium.chrome.ChromeDriver
Command: [f6e7befd0b1f96729432257d877719c4, clickElement {id=f.474E809CD84539ECB0DEFEA8A7B13710.d.C172C4B9B3E2F544F77DDF9B9E1DACE5.e.96}]
Capabilities {acceptInsecureCerts: false, browserName: chrome, browserVersion: 142.0.7444.176, chrome: {chromedriverVersion: 142.0.7444.175 (302067f14a4..., userDataDir: C:\Users\2461407\AppData\Lo...}, fedcm:accounts: true, goog:chromeOptions: {debuggerAddress: localhost:56804}, goog:processID: 26900, networkConnectionEnabled: false, pageLoadStrategy: normal, platformName: windows, proxy: Proxy(), se:cdp: ws://localhost:56804/devtoo..., se:cdpVersion: 142.0.7444.176, setWindowRect: true, strictFileInteractability: false, timeouts: {implicit: 0, pageLoad: 300000, script: 30000}, unhandledPromptBehavior: dismiss and notify, webauthn:extension:credBlob: true, webauthn:extension:largeBlob: true, webauthn:extension:minPinLength: true, webauthn:extension:prf: true, webauthn:virtualAuthenticators: true}
Element: [[ChromeDriver: chrome on windows (f6e7befd0b1f96729432257d877719c4)] -> css selector: #forms-nav a[href*='AdminCreateMainCategory']]
Session ID: f6e7befd0b1f96729432257d877719c4
at org.openqa.selenium.remote.ErrorCodec.decode(ErrorCodec.java:169)
at org.openqa.selenium.remote.codec.w3c.W3CHttpResponseCodec.decode(W3CHttpResponseCodec.java:142)
at org.openqa.selenium.remote.codec.w3c.W3CHttpResponseCodec.decode(W3CHttpResponseCodec.java:49)
at org.openqa.selenium.remote.HttpCommandExecutor.execute(HttpCommandExecutor.java:223)
at org.openqa.selenium.remote.service.DriverCommandExecutor.invokeExecute(DriverCommandExecutor.java:216)
at org.openqa.selenium.remote.service.DriverCommandExecutor.execute(DriverCommandExecutor.java:174)
at org.openqa.selenium.remote.RemoteWebDriver.execute(RemoteWebDriver.java:601)
at org.openqa.selenium.remote.RemoteWebElement.execute(RemoteWebElement.java:223)
at org.openqa.selenium.remote.RemoteWebElement.click(RemoteWebElement.java:76)
at com.insurEdge.testScripts.US17_P1_06.clickAndValidate(US17_P1_06.java:22)
at com.insurEdge.testScripts.US17_P1_06.createMainCategory(US17_P1_06.java:119)
at java.base/java.util.ArrayList.forEach(ArrayList.java:1596)
... Removed 25 stack frames]]>
    </failure>
  </testcase> <!-- createMainCategory -->
  <testcase classname="com.insurEdge.testScripts.US17_P1_06" name="createSubCategory" time="1.029"/>
  <testcase classname="com.insurEdge.testScripts.US17_P1_06" name="expandPolicy" time="0.444"/>
  <testcase classname="com.insurEdge.testScripts.US17_P1_06" name="createPolicy" time="1.793">
    <failure type="org.openqa.selenium.ElementClickInterceptedException" message="element click intercepted: Element &amp;lt;a href=&amp;quot;AdminCreatePolicy.aspx&amp;quot;&amp;gt;...&amp;lt;/a&amp;gt; is not clickable at point (130, 20). Other element would receive the click: &amp;lt;span class=&amp;quot;d-none d-lg-block&amp;quot;&amp;gt;...&amp;lt;/span&amp;gt;
  (Session info: chrome=142.0.7444.176)
Build info: version: &amp;apos;4.40.0&amp;apos;, revision: &amp;apos;b3333f1&amp;apos;
System info: os.name: &amp;apos;Windows 11&amp;apos;, os.arch: &amp;apos;amd64&amp;apos;, os.version: &amp;apos;10.0&amp;apos;, java.version: &amp;apos;21&amp;apos;
Driver info: org.openqa.selenium.chrome.ChromeDriver
Command: [f6e7befd0b1f96729432257d877719c4, clickElement {id=f.474E809CD84539ECB0DEFEA8A7B13710.d.BFB25A4825AD7F87BA97FA49D367326E.e.142}]
Capabilities {acceptInsecureCerts: false, browserName: chrome, browserVersion: 142.0.7444.176, chrome: {chromedriverVersion: 142.0.7444.175 (302067f14a4..., userDataDir: C:\Users\2461407\AppData\Lo...}, fedcm:accounts: true, goog:chromeOptions: {debuggerAddress: localhost:56804}, goog:processID: 26900, networkConnectionEnabled: false, pageLoadStrategy: normal, platformName: windows, proxy: Proxy(), se:cdp: ws://localhost:56804/devtoo..., se:cdpVersion: 142.0.7444.176, setWindowRect: true, strictFileInteractability: false, timeouts: {implicit: 0, pageLoad: 300000, script: 30000}, unhandledPromptBehavior: dismiss and notify, webauthn:extension:credBlob: true, webauthn:extension:largeBlob: true, webauthn:extension:minPinLength: true, webauthn:extension:prf: true, webauthn:virtualAuthenticators: true}
Element: [[ChromeDriver: chrome on windows (f6e7befd0b1f96729432257d877719c4)] -&amp;gt; css selector: #tables-nav a[href*=&amp;apos;AdminCreatePolicy&amp;apos;]]
Session ID: f6e7befd0b1f96729432257d877719c4">
      <![CDATA[org.openqa.selenium.ElementClickInterceptedException: element click intercepted: Element <a href="AdminCreatePolicy.aspx">...</a> is not clickable at point (130, 20). Other element would receive the click: <span class="d-none d-lg-block">...</span>
  (Session info: chrome=142.0.7444.176)
Build info: version: '4.40.0', revision: 'b3333f1'
System info: os.name: 'Windows 11', os.arch: 'amd64', os.version: '10.0', java.version: '21'
Driver info: org.openqa.selenium.chrome.ChromeDriver
Command: [f6e7befd0b1f96729432257d877719c4, clickElement {id=f.474E809CD84539ECB0DEFEA8A7B13710.d.BFB25A4825AD7F87BA97FA49D367326E.e.142}]
Capabilities {acceptInsecureCerts: false, browserName: chrome, browserVersion: 142.0.7444.176, chrome: {chromedriverVersion: 142.0.7444.175 (302067f14a4..., userDataDir: C:\Users\2461407\AppData\Lo...}, fedcm:accounts: true, goog:chromeOptions: {debuggerAddress: localhost:56804}, goog:processID: 26900, networkConnectionEnabled: false, pageLoadStrategy: normal, platformName: windows, proxy: Proxy(), se:cdp: ws://localhost:56804/devtoo..., se:cdpVersion: 142.0.7444.176, setWindowRect: true, strictFileInteractability: false, timeouts: {implicit: 0, pageLoad: 300000, script: 30000}, unhandledPromptBehavior: dismiss and notify, webauthn:extension:credBlob: true, webauthn:extension:largeBlob: true, webauthn:extension:minPinLength: true, webauthn:extension:prf: true, webauthn:virtualAuthenticators: true}
Element: [[ChromeDriver: chrome on windows (f6e7befd0b1f96729432257d877719c4)] -> css selector: #tables-nav a[href*='AdminCreatePolicy']]
Session ID: f6e7befd0b1f96729432257d877719c4
at org.openqa.selenium.remote.ErrorCodec.decode(ErrorCodec.java:169)
at org.openqa.selenium.remote.codec.w3c.W3CHttpResponseCodec.decode(W3CHttpResponseCodec.java:142)
at org.openqa.selenium.remote.codec.w3c.W3CHttpResponseCodec.decode(W3CHttpResponseCodec.java:49)
at org.openqa.selenium.remote.HttpCommandExecutor.execute(HttpCommandExecutor.java:223)
at org.openqa.selenium.remote.service.DriverCommandExecutor.invokeExecute(DriverCommandExecutor.java:216)
at org.openqa.selenium.remote.service.DriverCommandExecutor.execute(DriverCommandExecutor.java:174)
at org.openqa.selenium.remote.RemoteWebDriver.execute(RemoteWebDriver.java:601)
at org.openqa.selenium.remote.RemoteWebElement.execute(RemoteWebElement.java:223)
at org.openqa.selenium.remote.RemoteWebElement.click(RemoteWebElement.java:76)
at com.insurEdge.testScripts.US17_P1_06.clickAndValidate(US17_P1_06.java:22)
at com.insurEdge.testScripts.US17_P1_06.createPolicy(US17_P1_06.java:139)
at java.base/java.util.ArrayList.forEach(ArrayList.java:1596)
... Removed 25 stack frames]]>
    </failure>
  </testcase> <!-- createPolicy -->
  <testcase classname="com.insurEdge.testScripts.US17_P1_06" name="authorizePolicy" time="1.491"/>
  <testcase classname="com.insurEdge.testScripts.US17_P1_06" name="viewPolicy" time="1.587"/>
  <testcase classname="com.insurEdge.testScripts.US17_P1_06" name="modifyPolicy" time="1.903"/>
  <testcase classname="com.insurEdge.testScripts.US17_P1_06" name="expandPolicyHolders" time="0.434"/>
  <testcase classname="com.insurEdge.testScripts.US17_P1_06" name="appliedPolicyHolder" time="0.856"/>
  <testcase classname="com.insurEdge.testScripts.US17_P1_06" name="approvedPolicyHolder" time="1.053"/>
  <testcase classname="com.insurEdge.testScripts.US17_P1_06" name="pendingPolicyHolder" time="1.469"/>
  <testcase classname="com.insurEdge.testScripts.US17_P1_06" name="rejectedPolicyHolder" time="1.652"/>
  <testcase classname="com.insurEdge.testScripts.US17_P1_06" name="expandQuestions" time="0.498"/>
  <testcase classname="com.insurEdge.testScripts.US17_P1_06" name="link1Questions" time="10.983">
    <failure type="org.openqa.selenium.TimeoutException" message="Expected condition failed: waiting for at least one condition to be valid:
1. url to contain &amp;quot;charts-chartjs&amp;quot;. Current url: &amp;quot;https://qeaskillhub.cognizant.com/AdminRejectedPolicyHolder&amp;quot;
2. title to contain &amp;quot;404&amp;quot;. Current title: &amp;quot;InsurEdge - Rejected Policy Holders&amp;quot;.

(tried for 10 seconds with 500 milliseconds interval)
Build info: version: &amp;apos;4.40.0&amp;apos;, revision: &amp;apos;b3333f1&amp;apos;
System info: os.name: &amp;apos;Windows 11&amp;apos;, os.arch: &amp;apos;amd64&amp;apos;, os.version: &amp;apos;10.0&amp;apos;, java.version: &amp;apos;21&amp;apos;
Driver info: org.openqa.selenium.chrome.ChromeDriver
Capabilities {acceptInsecureCerts: false, browserName: chrome, browserVersion: 142.0.7444.176, chrome: {chromedriverVersion: 142.0.7444.175 (302067f14a4..., userDataDir: C:\Users\2461407\AppData\Lo...}, fedcm:accounts: true, goog:chromeOptions: {debuggerAddress: localhost:56804}, goog:processID: 26900, networkConnectionEnabled: false, pageLoadStrategy: normal, platformName: windows, proxy: Proxy(), se:cdp: ws://localhost:56804/devtoo..., se:cdpVersion: 142.0.7444.176, setWindowRect: true, strictFileInteractability: false, timeouts: {implicit: 0, pageLoad: 300000, script: 30000}, unhandledPromptBehavior: dismiss and notify, webauthn:extension:credBlob: true, webauthn:extension:largeBlob: true, webauthn:extension:minPinLength: true, webauthn:extension:prf: true, webauthn:virtualAuthenticators: true}
Session ID: f6e7befd0b1f96729432257d877719c4">
      <![CDATA[org.openqa.selenium.TimeoutException: Expected condition failed: waiting for at least one condition to be valid:
1. url to contain "charts-chartjs". Current url: "https://qeaskillhub.cognizant.com/AdminRejectedPolicyHolder"
2. title to contain "404". Current title: "InsurEdge - Rejected Policy Holders".

(tried for 10 seconds with 500 milliseconds interval)
Build info: version: '4.40.0', revision: 'b3333f1'
System info: os.name: 'Windows 11', os.arch: 'amd64', os.version: '10.0', java.version: '21'
Driver info: org.openqa.selenium.chrome.ChromeDriver
Capabilities {acceptInsecureCerts: false, browserName: chrome, browserVersion: 142.0.7444.176, chrome: {chromedriverVersion: 142.0.7444.175 (302067f14a4..., userDataDir: C:\Users\2461407\AppData\Lo...}, fedcm:accounts: true, goog:chromeOptions: {debuggerAddress: localhost:56804}, goog:processID: 26900, networkConnectionEnabled: false, pageLoadStrategy: normal, platformName: windows, proxy: Proxy(), se:cdp: ws://localhost:56804/devtoo..., se:cdpVersion: 142.0.7444.176, setWindowRect: true, strictFileInteractability: false, timeouts: {implicit: 0, pageLoad: 300000, script: 30000}, unhandledPromptBehavior: dismiss and notify, webauthn:extension:credBlob: true, webauthn:extension:largeBlob: true, webauthn:extension:minPinLength: true, webauthn:extension:prf: true, webauthn:virtualAuthenticators: true}
Session ID: f6e7befd0b1f96729432257d877719c4
at org.openqa.selenium.support.ui.WebDriverWait.timeoutException(WebDriverWait.java:84)
at org.openqa.selenium.support.ui.FluentWait.until(FluentWait.java:231)
at com.insurEdge.testScripts.US17_P1_06.clickAndValidateWith404(US17_P1_06.java:49)
at com.insurEdge.testScripts.US17_P1_06.link1Questions(US17_P1_06.java:203)
at java.base/java.util.ArrayList.forEach(ArrayList.java:1596)
... Removed 25 stack frames]]>
    </failure>
  </testcase> <!-- link1Questions -->
  <testcase classname="com.insurEdge.testScripts.US17_P1_06" name="link2Questions" time="1.411">
    <failure type="java.lang.AssertionError" message="Link2 Questions NOT reached - Link returned 404">
      <![CDATA[java.lang.AssertionError: Link2 Questions NOT reached - Link returned 404
at com.insurEdge.testScripts.US17_P1_06.clickAndValidateWith404(US17_P1_06.java:57)
at com.insurEdge.testScripts.US17_P1_06.link2Questions(US17_P1_06.java:209)
at java.base/java.util.ArrayList.forEach(ArrayList.java:1596)
... Removed 26 stack frames]]>
    </failure>
  </testcase> <!-- link2Questions -->
  <testcase classname="com.insurEdge.testScripts.US17_P1_07" name="validateFooterCredits" time="0.522"/>
  <testcase classname="com.insurEdge.testScripts.US17_P1_07" name="validateFooterHyperLink" time="1.92"/>
  <testcase classname="com.insurEdge.testScripts.US17_P1_08" name="validateAuthorizeCustomerTitleColor" time="0.158"/>
  <testcase classname="com.insurEdge.testScripts.US17_P1_08" name="validateBreadcrumbTrailPresence" time="0.165"/>
  <testcase classname="com.insurEdge.testScripts.US17_P1_09" name="validateApproveButtonUI" time="0.145"/>
  <testcase classname="com.insurEdge.testScripts.US17_P1_09" name="validateRejectButtonUI" time="0.128"/>
  <testcase classname="com.insurEdge.testScripts.US17_P1_09" name="validateDeleteButtonUI" time="0.128"/>
  <testcase classname="com.insurEdge.testScripts.US17_P1_10" name="validateSearchBoxAppearance" time="0.241"/>
  <testcase classname="com.insurEdge.testScripts.US17_P1_10" name="validatePlaceholderText" time="0.106"/>
  <testcase classname="com.insurEdge.testScripts.US17_P1_10" name="validateSearchBoxPosition" time="0.272"/>
  <testcase classname="com.insurEdge.testScripts.US17_P1_12" name="validateCustomerTableAppearance" time="0.108"/>
  <testcase classname="com.insurEdge.testScripts.US17_P1_12" name="validateCustomerTableColumnCount" time="0.614"/>
  <testcase classname="com.insurEdge.testScripts.US17_P1_12" name="validateCustomerTableColumnText" time="1.257">
    <failure type="java.lang.AssertionError" message="Customer Details table column order is incorrect expected [true] but found [false]">
      <![CDATA[java.lang.AssertionError: Customer Details table column order is incorrect expected [true] but found [false]
at com.insurEdge.testScripts.US17_P1_12.validateCustomerTableColumnText(US17_P1_12.java:33)
at java.base/java.util.ArrayList.forEach(ArrayList.java:1596)
... Removed 28 stack frames]]>
    </failure>
  </testcase> <!-- validateCustomerTableColumnText -->
  <testcase classname="com.insurEdge.testScripts.US17_P1_13" name="validateCheckboxesVisible" time="0.406"/>
  <testcase classname="com.insurEdge.testScripts.US17_P1_13" name="validateCheckboxSelectionToggle" time="0.515"/>
  <testcase classname="com.insurEdge.testScripts.US17_P1_14" name="validatePaginationControlsClickable" time="0.455"/>
  <testcase classname="com.insurEdge.testScripts.US17_P1_14" name="validateCurrentPageHighlighted" time="0.458">
    <failure type="java.lang.AssertionError" message="Current page is not highlighted in pagination controls expected [true] but found [false]">
      <![CDATA[java.lang.AssertionError: Current page is not highlighted in pagination controls expected [true] but found [false]
at com.insurEdge.testScripts.US17_P1_14.validateCurrentPageHighlighted(US17_P1_14.java:27)
at java.base/java.util.ArrayList.forEach(ArrayList.java:1596)
... Removed 28 stack frames]]>
    </failure>
  </testcase> <!-- validateCurrentPageHighlighted -->
  <testcase classname="com.insurEdge.testScripts.US17_P1_15" name="validateCustomerBreadcrumbVisibleAndStyled" time="0.148"/>
  <testcase classname="com.insurEdge.testScripts.US17_P1_15" name="validateCustomerBreadcrumbRedirectsToDashboard" time="0.65"/>
  <testcase classname="com.insurEdge.testScripts.US17_P1_15" name="customerBreadcrumbClickableAcrossResolutions" time="2.585"/>
  <testcase classname="com.insurEdge.testScripts.US17_P1_15" name="customerBreadcrumbClickableAcrossResolutions" time="2.574"/>
  <testcase classname="com.insurEdge.testScripts.US17_P1_16" name="validateNavigationAndSearchBoxVisible" time="1.423"/>
  <testcase classname="com.insurEdge.testScripts.US17_P1_16" name="validateCustomerSearchFromExcelPositive" time="0.048">
    <failure type="java.lang.RuntimeException" message="Error reading Excel file: C:\Users\2461365\eclipse-workspace\com.insurEdge\customer_data.xlsx (The system cannot find the path specified)">
      <![CDATA[java.lang.RuntimeException: Error reading Excel file: C:\Users\2461365\eclipse-workspace\com.insurEdge\customer_data.xlsx (The system cannot find the path specified)
at com.insurEdge.Utilities.ExcelUtils.readSheet(ExcelUtils.java:42)
at com.insurEdge.testScripts.US17_P1_16.validateCustomerSearchFromExcelPositive(US17_P1_16.java:35)
at java.base/java.util.ArrayList.forEach(ArrayList.java:1596)
Caused by: java.io.FileNotFoundException: C:\Users\2461365\eclipse-workspace\com.insurEdge\customer_data.xlsx (The system cannot find the path specified)
at java.base/java.io.FileInputStream.open0(Native Method)
at java.base/java.io.FileInputStream.open(FileInputStream.java:213)
at java.base/java.io.FileInputStream.<init>(FileInputStream.java:152)
at java.base/java.io.FileInputStream.<init>(FileInputStream.java:106)
at com.insurEdge.Utilities.ExcelUtils.readSheet(ExcelUtils.java:27)
... 27 more
... Removed 25 stack frames]]>
    </failure>
  </testcase> <!-- validateCustomerSearchFromExcelPositive -->
  <testcase classname="com.insurEdge.testScripts.US17_P1_16" name="validateCustomerSearchFromExcelNegative" time="0.0">
    <failure type="java.lang.RuntimeException" message="Error reading Excel file: C:\Users\2461365\eclipse-workspace\com.insurEdge\customer_data.xlsx (The system cannot find the path specified)">
      <![CDATA[java.lang.RuntimeException: Error reading Excel file: C:\Users\2461365\eclipse-workspace\com.insurEdge\customer_data.xlsx (The system cannot find the path specified)
at com.insurEdge.Utilities.ExcelUtils.readSheet(ExcelUtils.java:42)
at com.insurEdge.testScripts.US17_P1_16.validateCustomerSearchFromExcelNegative(US17_P1_16.java:55)
at java.base/java.util.ArrayList.forEach(ArrayList.java:1596)
Caused by: java.io.FileNotFoundException: C:\Users\2461365\eclipse-workspace\com.insurEdge\customer_data.xlsx (The system cannot find the path specified)
at java.base/java.io.FileInputStream.open0(Native Method)
at java.base/java.io.FileInputStream.open(FileInputStream.java:213)
at java.base/java.io.FileInputStream.<init>(FileInputStream.java:152)
at java.base/java.io.FileInputStream.<init>(FileInputStream.java:106)
at com.insurEdge.Utilities.ExcelUtils.readSheet(ExcelUtils.java:27)
... 27 more
... Removed 25 stack frames]]>
    </failure>
  </testcase> <!-- validateCustomerSearchFromExcelNegative -->
  <testcase classname="com.insurEdge.testScripts.US17_P1_17" name="verifyRecordsDropdownOptions" time="0.291"/>
  <testcase classname="com.insurEdge.testScripts.US17_P1_17" name="verifyDefaultRecordsDropdownValue" time="0.214"/>
  <testcase classname="com.insurEdge.testScripts.US17_P1_17" name="verifySelect10Records" time="3.691"/>
  <testcase classname="com.insurEdge.testScripts.US17_P1_17" name="verifySelect20Records" time="6.147"/>
  <testcase classname="com.insurEdge.testScripts.US17_P1_17" name="verifySelect5Records" time="2.367"/>
  <testcase classname="com.insurEdge.testScripts.US17_P1_18" name="validateApproveButtonPopup" time="1.069"/>
  <testcase classname="com.insurEdge.testScripts.US17_P1_18" name="validateConfirmationPopup" time="0.688"/>
  <testcase classname="com.insurEdge.testScripts.US17_P1_18" name="validateStatusChange" time="5.4"/>
  <testcase classname="com.insurEdge.testScripts.US17_P1_19" name="validateConfirmRejectPopup" time="1.397"/>
  <testcase classname="com.insurEdge.testScripts.US17_P1_19" name="validateRejectionSuccess" time="0.908"/>
  <testcase classname="com.insurEdge.testScripts.US17_P1_19" name="validateStatusUpdateInGrid" time="1.611"/>
  <testcase classname="com.insurEdge.testScripts.US17_P1_19" name="validateRejectWithNoSelection" time="0.77"/>
  <testcase classname="com.insurEdge.testScripts.US17_P1_19" name="validateNoSelectionWarning" time="1.035"/>
  <testcase classname="com.insurEdge.testScripts.US17_P1_20" name="validateConfirmDeletePopup" time="1.167"/>
  <testcase classname="com.insurEdge.testScripts.US17_P1_20" name="validateDeletionSuccess" time="0.965"/>
  <testcase classname="com.insurEdge.testScripts.US17_P1_20" name="validateStatusUpdateInGrid" time="12.104">
    <failure type="org.openqa.selenium.TimeoutException" message="Expected condition failed: waiting for visibility of element found by By.xpath: //tr[td[normalize-space()=&amp;apos;someCustomerId&amp;apos;]]/td[16], but... org.openqa.selenium.NoSuchElementException: no such element: Unable to locate element: {&amp;quot;method&amp;quot;:&amp;quot;xpath&amp;quot;,&amp;quot;selector&amp;quot;:&amp;quot;//tr[td[normalize-space()=&amp;apos;someCustomerId&amp;apos;]]/td[16]&amp;quot;}.
(tried for 10 seconds with 500 milliseconds interval)
Build info: version: &amp;apos;4.40.0&amp;apos;, revision: &amp;apos;b3333f1&amp;apos;
System info: os.name: &amp;apos;Windows 11&amp;apos;, os.arch: &amp;apos;amd64&amp;apos;, os.version: &amp;apos;10.0&amp;apos;, java.version: &amp;apos;21&amp;apos;
Driver info: org.openqa.selenium.chrome.ChromeDriver
Capabilities {acceptInsecureCerts: false, browserName: chrome, browserVersion: 142.0.7444.176, chrome: {chromedriverVersion: 142.0.7444.175 (302067f14a4..., userDataDir: C:\Users\2461407\AppData\Lo...}, fedcm:accounts: true, goog:chromeOptions: {debuggerAddress: localhost:50310}, goog:processID: 11808, networkConnectionEnabled: false, pageLoadStrategy: normal, platformName: windows, proxy: Proxy(), se:cdp: ws://localhost:50310/devtoo..., se:cdpVersion: 142.0.7444.176, setWindowRect: true, strictFileInteractability: false, timeouts: {implicit: 0, pageLoad: 300000, script: 30000}, unhandledPromptBehavior: dismiss and notify, webauthn:extension:credBlob: true, webauthn:extension:largeBlob: true, webauthn:extension:minPinLength: true, webauthn:extension:prf: true, webauthn:virtualAuthenticators: true}
Session ID: dcfa5d964e00acf73b0131ab677ea3ab">
      <![CDATA[org.openqa.selenium.TimeoutException: Expected condition failed: waiting for visibility of element found by By.xpath: //tr[td[normalize-space()='someCustomerId']]/td[16], but... org.openqa.selenium.NoSuchElementException: no such element: Unable to locate element: {"method":"xpath","selector":"//tr[td[normalize-space()='someCustomerId']]/td[16]"}.
(tried for 10 seconds with 500 milliseconds interval)
Build info: version: '4.40.0', revision: 'b3333f1'
System info: os.name: 'Windows 11', os.arch: 'amd64', os.version: '10.0', java.version: '21'
Driver info: org.openqa.selenium.chrome.ChromeDriver
Capabilities {acceptInsecureCerts: false, browserName: chrome, browserVersion: 142.0.7444.176, chrome: {chromedriverVersion: 142.0.7444.175 (302067f14a4..., userDataDir: C:\Users\2461407\AppData\Lo...}, fedcm:accounts: true, goog:chromeOptions: {debuggerAddress: localhost:50310}, goog:processID: 11808, networkConnectionEnabled: false, pageLoadStrategy: normal, platformName: windows, proxy: Proxy(), se:cdp: ws://localhost:50310/devtoo..., se:cdpVersion: 142.0.7444.176, setWindowRect: true, strictFileInteractability: false, timeouts: {implicit: 0, pageLoad: 300000, script: 30000}, unhandledPromptBehavior: dismiss and notify, webauthn:extension:credBlob: true, webauthn:extension:largeBlob: true, webauthn:extension:minPinLength: true, webauthn:extension:prf: true, webauthn:virtualAuthenticators: true}
Session ID: dcfa5d964e00acf73b0131ab677ea3ab
at org.openqa.selenium.support.ui.WebDriverWait.timeoutException(WebDriverWait.java:84)
at org.openqa.selenium.support.ui.FluentWait.until(FluentWait.java:231)
at com.insurEdge.AuthorizePage.AuthorizePage.getStatusOfCustomerById(AuthorizePage.java:602)
at com.insurEdge.testScripts.US17_P1_20.validateStatusUpdateInGrid(US17_P1_20.java:38)
at java.base/java.util.ArrayList.forEach(ArrayList.java:1596)
... Removed 25 stack frames]]>
    </failure>
  </testcase> <!-- validateStatusUpdateInGrid -->
  <testcase classname="com.insurEdge.testScripts.US17_P1_20" name="validateDeleteWithNoSelection" time="0.812"/>
  <testcase classname="com.insurEdge.testScripts.US17_P1_20" name="validateNoSelectionWarning" time="0.987"/>
</testsuite> <!-- HeaderAndLeftPanelTests -->
