<?xml version="1.0" encoding="UTF-8"?>
<!-- Generated by org.testng.reporters.JUnitXMLReporter -->
<testsuite ignored="0" hostname="LTIN674417" failures="0" tests="6" name="Test" time="38.081" errors="0" timestamp="2026-02-16T15:32:58 IST">
  <testcase classname="com.insurEdge.testScripts.US17_P1_01" name="validateMenuButton" time="0.864"/>
  <testcase classname="com.insurEdge.testScripts.US17_P1_01" name="validateLogo" time="0.903"/>
  <testcase classname="com.insurEdge.testScripts.US17_P1_01" name="validateUsernameDisplayedAndMatch" time="0.636"/>
  <testcase classname="com.insurEdge.testScripts.US17_P1_01" name="validateProfileImageCircular" time="0.767"/>
  <testcase classname="com.insurEdge.testScripts.US17_P1_01" name="validateUsernameColorAndPosition" time="0.681"/>
  <testcase classname="com.insurEdge.testScripts.US17_P1_01" name="validateUserProfileDropdown" time="0.841"/>
</testsuite> <!-- Test -->
