<?xml version="1.0" encoding="UTF-8"?>
<!-- Generated by org.testng.reporters.JUnitXMLReporter -->
<testsuite ignored="1" hostname="LTIN674417" failures="0" tests="1" name="HeaderAndLeftPanelTests(failed)" time="10.958" errors="0" timestamp="2026-02-17T15:15:04 IST">
  <testcase classname="com.insurEdge.testScripts.US17_P1_14" name="validateCurrentPageHighlighted" time="0.219"/>
  <testcase classname="com.insurEdge.testScripts.US17_P1_14" name="validatePaginationControlsClickable" time="0.0">
    <ignored/>
  </testcase> <!-- validatePaginationControlsClickable -->
</testsuite> <!-- HeaderAndLeftPanelTests(failed) -->
