<?xml version="1.0" encoding="UTF-8"?>
<testng-results ignored="0" total="6" passed="6" failed="0" skipped="0">
  <reporter-output>
  </reporter-output>
  <suite started-at="2026-02-19T21:50:36 IST" name="Default suite" finished-at="2026-02-19T21:50:44 IST" duration-ms="8255">
    <groups>
    </groups>
    <test started-at="2026-02-19T21:50:36 IST" name="Default test" finished-at="2026-02-19T21:50:44 IST" duration-ms="8255">
      <class name="com.insurEdge.testScripts.US17_P1_01">
        <test-method is-config="true" signature="setUp(java.lang.String,java.lang.String)[pri:0, instance:com.insurEdge.testScripts.US17_P1_01@34a3d150]" started-at="2026-02-19T21:50:36 IST" name="setUp" finished-at="2026-02-19T21:50:40 IST" duration-ms="4244" status="PASS">
          <params>
            <param index="0">
              <value>
                <![CDATA[chrome]]>
              </value>
            </param>
            <param index="1">
              <value>
                <![CDATA[https://qeaskillhub.cognizant.com/LoginPage]]>
              </value>
            </param>
          </params>
          <reporter-output>
          </reporter-output>
        </test-method> <!-- setUp -->
        <test-method signature="validateMenuButton()[pri:1, instance:com.insurEdge.testScripts.US17_P1_01@34a3d150]" started-at="2026-02-19T21:50:41 IST" name="validateMenuButton" finished-at="2026-02-19T21:50:41 IST" duration-ms="368" status="PASS">
          <reporter-output>
          </reporter-output>
        </test-method> <!-- validateMenuButton -->
        <test-method signature="validateLogo()[pri:2, instance:com.insurEdge.testScripts.US17_P1_01@34a3d150]" started-at="2026-02-19T21:50:41 IST" name="validateLogo" finished-at="2026-02-19T21:50:41 IST" duration-ms="253" status="PASS">
          <reporter-output>
          </reporter-output>
        </test-method> <!-- validateLogo -->
        <test-method signature="validateUsernameDisplayedAndMatch()[pri:3, instance:com.insurEdge.testScripts.US17_P1_01@34a3d150]" started-at="2026-02-19T21:50:41 IST" name="validateUsernameDisplayedAndMatch" finished-at="2026-02-19T21:50:41 IST" duration-ms="65" status="PASS">
          <reporter-output>
          </reporter-output>
        </test-method> <!-- validateUsernameDisplayedAndMatch -->
        <test-method signature="validateProfileImageCircular()[pri:4, instance:com.insurEdge.testScripts.US17_P1_01@34a3d150]" started-at="2026-02-19T21:50:41 IST" name="validateProfileImageCircular" finished-at="2026-02-19T21:50:41 IST" duration-ms="33" status="PASS">
          <reporter-output>
          </reporter-output>
        </test-method> <!-- validateProfileImageCircular -->
        <test-method signature="validateUsernameColorAndPosition()[pri:5, instance:com.insurEdge.testScripts.US17_P1_01@34a3d150]" started-at="2026-02-19T21:50:41 IST" name="validateUsernameColorAndPosition" finished-at="2026-02-19T21:50:41 IST" duration-ms="51" status="PASS">
          <reporter-output>
          </reporter-output>
        </test-method> <!-- validateUsernameColorAndPosition -->
        <test-method signature="validateUserProfileDropdown()[pri:6, instance:com.insurEdge.testScripts.US17_P1_01@34a3d150]" started-at="2026-02-19T21:50:41 IST" name="validateUserProfileDropdown" finished-at="2026-02-19T21:50:41 IST" duration-ms="102" status="PASS">
          <reporter-output>
          </reporter-output>
        </test-method> <!-- validateUserProfileDropdown -->
        <test-method is-config="true" signature="tearDown()[pri:0, instance:com.insurEdge.testScripts.US17_P1_01@34a3d150]" started-at="2026-02-19T21:50:41 IST" name="tearDown" finished-at="2026-02-19T21:50:44 IST" duration-ms="3041" status="PASS">
          <reporter-output>
          </reporter-output>
        </test-method> <!-- tearDown -->
      </class> <!-- com.insurEdge.testScripts.US17_P1_01 -->
    </test> <!-- Default test -->
  </suite> <!-- Default suite -->
</testng-results>
