<?xml version="1.0" encoding="UTF-8"?>
<testng-results ignored="0" total="71" passed="61" failed="10" skipped="0">
  <reporter-output>
  </reporter-output>
  <suite started-at="2026-02-20T11:25:01 IST" name="Suite" finished-at="2026-02-20T11:29:35 IST" duration-ms="273783">
    <groups>
    </groups>
    <test started-at="2026-02-20T11:25:01 IST" name="HeaderAndLeftPanelTests" finished-at="2026-02-20T11:29:35 IST" duration-ms="273783">
      <class name="com.insurEdge.testScripts.US17_P1_15">
        <test-method is-config="true" signature="setUp(java.lang.String,java.lang.String)[pri:0, instance:com.insurEdge.testScripts.US17_P1_15@6ad82709]" started-at="2026-02-20T11:27:33 IST" name="setUp" finished-at="2026-02-20T11:27:37 IST" duration-ms="4966" status="PASS">
          <params>
            <param index="0">
              <value>
                <![CDATA[chrome]]>
              </value>
            </param>
            <param index="1">
              <value>
                <![CDATA[https://qeaskillhub.cognizant.com/LoginPage]]>
              </value>
            </param>
          </params>
          <reporter-output>
          </reporter-output>
        </test-method> <!-- setUp -->
        <test-method is-config="true" signature="initAuthorizePage()[pri:0, instance:com.insurEdge.testScripts.US17_P1_15@6ad82709]" started-at="2026-02-20T11:27:37 IST" name="initAuthorizePage" finished-at="2026-02-20T11:27:39 IST" duration-ms="1981" status="PASS">
          <reporter-output>
          </reporter-output>
        </test-method> <!-- initAuthorizePage -->
        <test-method signature="validateCustomerBreadcrumbVisibleAndStyled()[pri:1, instance:com.insurEdge.testScripts.US17_P1_15@6ad82709]" started-at="2026-02-20T11:27:39 IST" name="validateCustomerBreadcrumbVisibleAndStyled" finished-at="2026-02-20T11:27:40 IST" duration-ms="148" status="PASS">
          <reporter-output>
          </reporter-output>
        </test-method> <!-- validateCustomerBreadcrumbVisibleAndStyled -->
        <test-method signature="validateCustomerBreadcrumbRedirectsToDashboard()[pri:2, instance:com.insurEdge.testScripts.US17_P1_15@6ad82709]" started-at="2026-02-20T11:27:40 IST" name="validateCustomerBreadcrumbRedirectsToDashboard" finished-at="2026-02-20T11:27:40 IST" duration-ms="650" status="PASS">
          <reporter-output>
          </reporter-output>
        </test-method> <!-- validateCustomerBreadcrumbRedirectsToDashboard -->
        <test-method signature="customerBreadcrumbClickableAcrossResolutions(int,int)[pri:3, instance:com.insurEdge.testScripts.US17_P1_15@6ad82709]" started-at="2026-02-20T11:27:40 IST" name="customerBreadcrumbClickableAcrossResolutions" data-provider="viewports" finished-at="2026-02-20T11:27:43 IST" duration-ms="2585" status="PASS">
          <params>
            <param index="0">
              <value>
                <![CDATA[1366]]>
              </value>
            </param>
            <param index="1">
              <value>
                <![CDATA[768]]>
              </value>
            </param>
          </params>
          <reporter-output>
          </reporter-output>
        </test-method> <!-- customerBreadcrumbClickableAcrossResolutions -->
        <test-method signature="customerBreadcrumbClickableAcrossResolutions(int,int)[pri:3, instance:com.insurEdge.testScripts.US17_P1_15@6ad82709]" started-at="2026-02-20T11:27:43 IST" name="customerBreadcrumbClickableAcrossResolutions" data-provider="viewports" finished-at="2026-02-20T11:27:45 IST" duration-ms="2574" status="PASS">
          <params>
            <param index="0">
              <value>
                <![CDATA[1920]]>
              </value>
            </param>
            <param index="1">
              <value>
                <![CDATA[1080]]>
              </value>
            </param>
          </params>
          <reporter-output>
          </reporter-output>
        </test-method> <!-- customerBreadcrumbClickableAcrossResolutions -->
        <test-method is-config="true" signature="tearDown()[pri:0, instance:com.insurEdge.testScripts.US17_P1_15@6ad82709]" started-at="2026-02-20T11:27:45 IST" name="tearDown" finished-at="2026-02-20T11:27:50 IST" duration-ms="4117" status="PASS">
          <reporter-output>
          </reporter-output>
        </test-method> <!-- tearDown -->
      </class> <!-- com.insurEdge.testScripts.US17_P1_15 -->
      <class name="com.insurEdge.testScripts.US17_P1_16">
        <test-method is-config="true" signature="setUp(java.lang.String,java.lang.String)[pri:0, instance:com.insurEdge.testScripts.US17_P1_16@510f3d34]" started-at="2026-02-20T11:27:50 IST" name="setUp" finished-at="2026-02-20T11:27:55 IST" duration-ms="5350" status="PASS">
          <params>
            <param index="0">
              <value>
                <![CDATA[chrome]]>
              </value>
            </param>
            <param index="1">
              <value>
                <![CDATA[https://qeaskillhub.cognizant.com/LoginPage]]>
              </value>
            </param>
          </params>
          <reporter-output>
          </reporter-output>
        </test-method> <!-- setUp -->
        <test-method is-config="true" signature="initAuthorizePage()[pri:0, instance:com.insurEdge.testScripts.US17_P1_16@510f3d34]" started-at="2026-02-20T11:27:55 IST" name="initAuthorizePage" finished-at="2026-02-20T11:27:57 IST" duration-ms="1921" status="PASS">
          <reporter-output>
          </reporter-output>
        </test-method> <!-- initAuthorizePage -->
        <test-method signature="validateNavigationAndSearchBoxVisible()[pri:1, instance:com.insurEdge.testScripts.US17_P1_16@510f3d34]" started-at="2026-02-20T11:27:57 IST" name="validateNavigationAndSearchBoxVisible" finished-at="2026-02-20T11:27:58 IST" duration-ms="1423" status="PASS">
          <reporter-output>
          </reporter-output>
        </test-method> <!-- validateNavigationAndSearchBoxVisible -->
        <test-method signature="validateCustomerSearchFromExcelPositive()[pri:2, instance:com.insurEdge.testScripts.US17_P1_16@510f3d34]" started-at="2026-02-20T11:27:58 IST" name="validateCustomerSearchFromExcelPositive" finished-at="2026-02-20T11:27:58 IST" duration-ms="48" status="FAIL">
          <exception class="java.lang.RuntimeException">
            <message>
              <![CDATA[Error reading Excel file: C:\Users\2461365\eclipse-workspace\com.insurEdge\customer_data.xlsx (The system cannot find the path specified)]]>
            </message>
            <full-stacktrace>
              <![CDATA[java.lang.RuntimeException: Error reading Excel file: C:\Users\2461365\eclipse-workspace\com.insurEdge\customer_data.xlsx (The system cannot find the path specified)
at com.insurEdge.Utilities.ExcelUtils.readSheet(ExcelUtils.java:42)
at com.insurEdge.testScripts.US17_P1_16.validateCustomerSearchFromExcelPositive(US17_P1_16.java:35)
at java.base/jdk.internal.reflect.DirectMethodHandleAccessor.invoke(DirectMethodHandleAccessor.java:103)
at java.base/java.lang.reflect.Method.invoke(Method.java:580)
at org.testng.internal.invokers.MethodInvocationHelper.invokeMethod(MethodInvocationHelper.java:139)
at org.testng.internal.invokers.TestInvoker.invokeMethod(TestInvoker.java:664)
at org.testng.internal.invokers.TestInvoker.invokeTestMethod(TestInvoker.java:228)
at org.testng.internal.invokers.MethodRunner.runInSequence(MethodRunner.java:63)
at org.testng.internal.invokers.TestInvoker$MethodInvocationAgent.invoke(TestInvoker.java:961)
at org.testng.internal.invokers.TestInvoker.invokeTestMethods(TestInvoker.java:201)
at org.testng.internal.invokers.TestMethodWorker.invokeTestMethods(TestMethodWorker.java:148)
at org.testng.internal.invokers.TestMethodWorker.run(TestMethodWorker.java:128)
at java.base/java.util.ArrayList.forEach(ArrayList.java:1596)
at org.testng.TestRunner.privateRun(TestRunner.java:819)
at org.testng.TestRunner.run(TestRunner.java:619)
at org.testng.SuiteRunner.runTest(SuiteRunner.java:443)
at org.testng.SuiteRunner.runSequentially(SuiteRunner.java:437)
at org.testng.SuiteRunner.privateRun(SuiteRunner.java:397)
at org.testng.SuiteRunner.run(SuiteRunner.java:336)
at org.testng.SuiteRunnerWorker.runSuite(SuiteRunnerWorker.java:52)
at org.testng.SuiteRunnerWorker.run(SuiteRunnerWorker.java:95)
at org.testng.TestNG.runSuitesSequentially(TestNG.java:1301)
at org.testng.TestNG.runSuitesLocally(TestNG.java:1228)
at org.testng.TestNG.runSuites(TestNG.java:1134)
at org.testng.TestNG.run(TestNG.java:1101)
at org.testng.remote.AbstractRemoteTestNG.run(AbstractRemoteTestNG.java:115)
at org.testng.remote.RemoteTestNG.initAndRun(RemoteTestNG.java:251)
at org.testng.remote.RemoteTestNG.main(RemoteTestNG.java:77)
Caused by: java.io.FileNotFoundException: C:\Users\2461365\eclipse-workspace\com.insurEdge\customer_data.xlsx (The system cannot find the path specified)
at java.base/java.io.FileInputStream.open0(Native Method)
at java.base/java.io.FileInputStream.open(FileInputStream.java:213)
at java.base/java.io.FileInputStream.<init>(FileInputStream.java:152)
at java.base/java.io.FileInputStream.<init>(FileInputStream.java:106)
at com.insurEdge.Utilities.ExcelUtils.readSheet(ExcelUtils.java:27)
... 27 more
]]>
            </full-stacktrace>
          </exception> <!-- java.lang.RuntimeException -->
          <reporter-output>
          </reporter-output>
        </test-method> <!-- validateCustomerSearchFromExcelPositive -->
        <test-method signature="validateCustomerSearchFromExcelNegative()[pri:3, instance:com.insurEdge.testScripts.US17_P1_16@510f3d34]" started-at="2026-02-20T11:27:58 IST" name="validateCustomerSearchFromExcelNegative" finished-at="2026-02-20T11:27:58 IST" duration-ms="0" status="FAIL">
          <exception class="java.lang.RuntimeException">
            <message>
              <![CDATA[Error reading Excel file: C:\Users\2461365\eclipse-workspace\com.insurEdge\customer_data.xlsx (The system cannot find the path specified)]]>
            </message>
            <full-stacktrace>
              <![CDATA[java.lang.RuntimeException: Error reading Excel file: C:\Users\2461365\eclipse-workspace\com.insurEdge\customer_data.xlsx (The system cannot find the path specified)
at com.insurEdge.Utilities.ExcelUtils.readSheet(ExcelUtils.java:42)
at com.insurEdge.testScripts.US17_P1_16.validateCustomerSearchFromExcelNegative(US17_P1_16.java:55)
at java.base/jdk.internal.reflect.DirectMethodHandleAccessor.invoke(DirectMethodHandleAccessor.java:103)
at java.base/java.lang.reflect.Method.invoke(Method.java:580)
at org.testng.internal.invokers.MethodInvocationHelper.invokeMethod(MethodInvocationHelper.java:139)
at org.testng.internal.invokers.TestInvoker.invokeMethod(TestInvoker.java:664)
at org.testng.internal.invokers.TestInvoker.invokeTestMethod(TestInvoker.java:228)
at org.testng.internal.invokers.MethodRunner.runInSequence(MethodRunner.java:63)
at org.testng.internal.invokers.TestInvoker$MethodInvocationAgent.invoke(TestInvoker.java:961)
at org.testng.internal.invokers.TestInvoker.invokeTestMethods(TestInvoker.java:201)
at org.testng.internal.invokers.TestMethodWorker.invokeTestMethods(TestMethodWorker.java:148)
at org.testng.internal.invokers.TestMethodWorker.run(TestMethodWorker.java:128)
at java.base/java.util.ArrayList.forEach(ArrayList.java:1596)
at org.testng.TestRunner.privateRun(TestRunner.java:819)
at org.testng.TestRunner.run(TestRunner.java:619)
at org.testng.SuiteRunner.runTest(SuiteRunner.java:443)
at org.testng.SuiteRunner.runSequentially(SuiteRunner.java:437)
at org.testng.SuiteRunner.privateRun(SuiteRunner.java:397)
at org.testng.SuiteRunner.run(SuiteRunner.java:336)
at org.testng.SuiteRunnerWorker.runSuite(SuiteRunnerWorker.java:52)
at org.testng.SuiteRunnerWorker.run(SuiteRunnerWorker.java:95)
at org.testng.TestNG.runSuitesSequentially(TestNG.java:1301)
at org.testng.TestNG.runSuitesLocally(TestNG.java:1228)
at org.testng.TestNG.runSuites(TestNG.java:1134)
at org.testng.TestNG.run(TestNG.java:1101)
at org.testng.remote.AbstractRemoteTestNG.run(AbstractRemoteTestNG.java:115)
at org.testng.remote.RemoteTestNG.initAndRun(RemoteTestNG.java:251)
at org.testng.remote.RemoteTestNG.main(RemoteTestNG.java:77)
Caused by: java.io.FileNotFoundException: C:\Users\2461365\eclipse-workspace\com.insurEdge\customer_data.xlsx (The system cannot find the path specified)
at java.base/java.io.FileInputStream.open0(Native Method)
at java.base/java.io.FileInputStream.open(FileInputStream.java:213)
at java.base/java.io.FileInputStream.<init>(FileInputStream.java:152)
at java.base/java.io.FileInputStream.<init>(FileInputStream.java:106)
at com.insurEdge.Utilities.ExcelUtils.readSheet(ExcelUtils.java:27)
... 27 more
]]>
            </full-stacktrace>
          </exception> <!-- java.lang.RuntimeException -->
          <reporter-output>
          </reporter-output>
        </test-method> <!-- validateCustomerSearchFromExcelNegative -->
        <test-method is-config="true" signature="tearDown()[pri:0, instance:com.insurEdge.testScripts.US17_P1_16@510f3d34]" started-at="2026-02-20T11:27:58 IST" name="tearDown" finished-at="2026-02-20T11:28:02 IST" duration-ms="3936" status="PASS">
          <reporter-output>
          </reporter-output>
        </test-method> <!-- tearDown -->
      </class> <!-- com.insurEdge.testScripts.US17_P1_16 -->
      <class name="com.insurEdge.testScripts.US17_P1_05">
        <test-method is-config="true" signature="setUp(java.lang.String,java.lang.String)[pri:0, instance:com.insurEdge.testScripts.US17_P1_05@6f03482]" started-at="2026-02-20T11:25:15 IST" name="setUp" finished-at="2026-02-20T11:25:20 IST" duration-ms="4979" status="PASS">
          <params>
            <param index="0">
              <value>
                <![CDATA[chrome]]>
              </value>
            </param>
            <param index="1">
              <value>
                <![CDATA[https://qeaskillhub.cognizant.com/LoginPage]]>
              </value>
            </param>
          </params>
          <reporter-output>
          </reporter-output>
        </test-method> <!-- setUp -->
        <test-method signature="validateHamburgerClose()[pri:1, instance:com.insurEdge.testScripts.US17_P1_05@6f03482]" started-at="2026-02-20T11:25:20 IST" name="validateHamburgerClose" finished-at="2026-02-20T11:25:22 IST" duration-ms="2133" status="PASS">
          <reporter-output>
          </reporter-output>
        </test-method> <!-- validateHamburgerClose -->
        <test-method signature="validateHamburgerOpen()[pri:2, instance:com.insurEdge.testScripts.US17_P1_05@6f03482]" started-at="2026-02-20T11:25:22 IST" name="validateHamburgerOpen" finished-at="2026-02-20T11:25:23 IST" duration-ms="683" status="PASS">
          <reporter-output>
          </reporter-output>
        </test-method> <!-- validateHamburgerOpen -->
        <test-method is-config="true" signature="tearDown()[pri:0, instance:com.insurEdge.testScripts.US17_P1_05@6f03482]" started-at="2026-02-20T11:25:23 IST" name="tearDown" finished-at="2026-02-20T11:25:27 IST" duration-ms="3770" status="PASS">
          <reporter-output>
          </reporter-output>
        </test-method> <!-- tearDown -->
      </class> <!-- com.insurEdge.testScripts.US17_P1_05 -->
      <class name="com.insurEdge.testScripts.US17_P1_13">
        <test-method is-config="true" signature="setUp(java.lang.String,java.lang.String)[pri:0, instance:com.insurEdge.testScripts.US17_P1_13@65e98b1c]" started-at="2026-02-20T11:27:10 IST" name="setUp" finished-at="2026-02-20T11:27:14 IST" duration-ms="4708" status="PASS">
          <params>
            <param index="0">
              <value>
                <![CDATA[chrome]]>
              </value>
            </param>
            <param index="1">
              <value>
                <![CDATA[https://qeaskillhub.cognizant.com/LoginPage]]>
              </value>
            </param>
          </params>
          <reporter-output>
          </reporter-output>
        </test-method> <!-- setUp -->
        <test-method is-config="true" signature="initAuthorizePage()[pri:0, instance:com.insurEdge.testScripts.US17_P1_13@65e98b1c]" started-at="2026-02-20T11:27:14 IST" name="initAuthorizePage" finished-at="2026-02-20T11:27:17 IST" duration-ms="2089" status="PASS">
          <reporter-output>
          </reporter-output>
        </test-method> <!-- initAuthorizePage -->
        <test-method signature="validateCheckboxesVisible()[pri:1, instance:com.insurEdge.testScripts.US17_P1_13@65e98b1c]" started-at="2026-02-20T11:27:17 IST" name="validateCheckboxesVisible" finished-at="2026-02-20T11:27:17 IST" duration-ms="406" status="PASS">
          <reporter-output>
          </reporter-output>
        </test-method> <!-- validateCheckboxesVisible -->
        <test-method signature="validateCheckboxSelectionToggle()[pri:2, instance:com.insurEdge.testScripts.US17_P1_13@65e98b1c]" started-at="2026-02-20T11:27:17 IST" name="validateCheckboxSelectionToggle" finished-at="2026-02-20T11:27:17 IST" duration-ms="515" status="PASS">
          <reporter-output>
          </reporter-output>
        </test-method> <!-- validateCheckboxSelectionToggle -->
        <test-method is-config="true" signature="tearDown()[pri:0, instance:com.insurEdge.testScripts.US17_P1_13@65e98b1c]" started-at="2026-02-20T11:27:17 IST" name="tearDown" finished-at="2026-02-20T11:27:21 IST" duration-ms="3585" status="PASS">
          <reporter-output>
          </reporter-output>
        </test-method> <!-- tearDown -->
      </class> <!-- com.insurEdge.testScripts.US17_P1_13 -->
      <class name="com.insurEdge.testScripts.US17_P1_14">
        <test-method is-config="true" signature="setUp(java.lang.String,java.lang.String)[pri:0, instance:com.insurEdge.testScripts.US17_P1_14@61322f9d]" started-at="2026-02-20T11:27:21 IST" name="setUp" finished-at="2026-02-20T11:27:26 IST" duration-ms="5269" status="PASS">
          <params>
            <param index="0">
              <value>
                <![CDATA[chrome]]>
              </value>
            </param>
            <param index="1">
              <value>
                <![CDATA[https://qeaskillhub.cognizant.com/LoginPage]]>
              </value>
            </param>
          </params>
          <reporter-output>
          </reporter-output>
        </test-method> <!-- setUp -->
        <test-method is-config="true" signature="initAuthorizePage()[pri:0, instance:com.insurEdge.testScripts.US17_P1_14@61322f9d]" started-at="2026-02-20T11:27:26 IST" name="initAuthorizePage" finished-at="2026-02-20T11:27:28 IST" duration-ms="1608" status="PASS">
          <reporter-output>
          </reporter-output>
        </test-method> <!-- initAuthorizePage -->
        <test-method signature="validatePaginationControlsClickable()[pri:1, instance:com.insurEdge.testScripts.US17_P1_14@61322f9d]" started-at="2026-02-20T11:27:28 IST" name="validatePaginationControlsClickable" finished-at="2026-02-20T11:27:28 IST" duration-ms="455" status="PASS">
          <reporter-output>
          </reporter-output>
        </test-method> <!-- validatePaginationControlsClickable -->
        <test-method signature="validateCurrentPageHighlighted()[pri:2, instance:com.insurEdge.testScripts.US17_P1_14@61322f9d]" started-at="2026-02-20T11:27:28 IST" name="validateCurrentPageHighlighted" finished-at="2026-02-20T11:27:29 IST" duration-ms="458" status="FAIL">
          <exception class="java.lang.AssertionError">
            <message>
              <![CDATA[Current page is not highlighted in pagination controls expected [true] but found [false]]]>
            </message>
            <full-stacktrace>
              <![CDATA[java.lang.AssertionError: Current page is not highlighted in pagination controls expected [true] but found [false]
at org.testng.Assert.fail(Assert.java:111)
at org.testng.Assert.failNotEquals(Assert.java:1578)
at org.testng.Assert.assertTrue(Assert.java:57)
at com.insurEdge.testScripts.US17_P1_14.validateCurrentPageHighlighted(US17_P1_14.java:27)
at java.base/jdk.internal.reflect.DirectMethodHandleAccessor.invoke(DirectMethodHandleAccessor.java:103)
at java.base/java.lang.reflect.Method.invoke(Method.java:580)
at org.testng.internal.invokers.MethodInvocationHelper.invokeMethod(MethodInvocationHelper.java:139)
at org.testng.internal.invokers.TestInvoker.invokeMethod(TestInvoker.java:664)
at org.testng.internal.invokers.TestInvoker.invokeTestMethod(TestInvoker.java:228)
at org.testng.internal.invokers.MethodRunner.runInSequence(MethodRunner.java:63)
at org.testng.internal.invokers.TestInvoker$MethodInvocationAgent.invoke(TestInvoker.java:961)
at org.testng.internal.invokers.TestInvoker.invokeTestMethods(TestInvoker.java:201)
at org.testng.internal.invokers.TestMethodWorker.invokeTestMethods(TestMethodWorker.java:148)
at org.testng.internal.invokers.TestMethodWorker.run(TestMethodWorker.java:128)
at java.base/java.util.ArrayList.forEach(ArrayList.java:1596)
at org.testng.TestRunner.privateRun(TestRunner.java:819)
at org.testng.TestRunner.run(TestRunner.java:619)
at org.testng.SuiteRunner.runTest(SuiteRunner.java:443)
at org.testng.SuiteRunner.runSequentially(SuiteRunner.java:437)
at org.testng.SuiteRunner.privateRun(SuiteRunner.java:397)
at org.testng.SuiteRunner.run(SuiteRunner.java:336)
at org.testng.SuiteRunnerWorker.runSuite(SuiteRunnerWorker.java:52)
at org.testng.SuiteRunnerWorker.run(SuiteRunnerWorker.java:95)
at org.testng.TestNG.runSuitesSequentially(TestNG.java:1301)
at org.testng.TestNG.runSuitesLocally(TestNG.java:1228)
at org.testng.TestNG.runSuites(TestNG.java:1134)
at org.testng.TestNG.run(TestNG.java:1101)
at org.testng.remote.AbstractRemoteTestNG.run(AbstractRemoteTestNG.java:115)
at org.testng.remote.RemoteTestNG.initAndRun(RemoteTestNG.java:251)
at org.testng.remote.RemoteTestNG.main(RemoteTestNG.java:77)
]]>
            </full-stacktrace>
          </exception> <!-- java.lang.AssertionError -->
          <reporter-output>
          </reporter-output>
        </test-method> <!-- validateCurrentPageHighlighted -->
        <test-method is-config="true" signature="tearDown()[pri:0, instance:com.insurEdge.testScripts.US17_P1_14@61322f9d]" started-at="2026-02-20T11:27:29 IST" name="tearDown" finished-at="2026-02-20T11:27:33 IST" duration-ms="3656" status="PASS">
          <reporter-output>
          </reporter-output>
        </test-method> <!-- tearDown -->
      </class> <!-- com.insurEdge.testScripts.US17_P1_14 -->
      <class name="com.insurEdge.testScripts.US17_P1_19">
        <test-method is-config="true" signature="setUp(java.lang.String,java.lang.String)[pri:0, instance:com.insurEdge.testScripts.US17_P1_19@4c178a76]" started-at="2026-02-20T11:28:47 IST" name="setUp" finished-at="2026-02-20T11:28:52 IST" duration-ms="5246" status="PASS">
          <params>
            <param index="0">
              <value>
                <![CDATA[chrome]]>
              </value>
            </param>
            <param index="1">
              <value>
                <![CDATA[https://qeaskillhub.cognizant.com/LoginPage]]>
              </value>
            </param>
          </params>
          <reporter-output>
          </reporter-output>
        </test-method> <!-- setUp -->
        <test-method is-config="true" signature="setup()[pri:0, instance:com.insurEdge.testScripts.US17_P1_19@4c178a76]" started-at="2026-02-20T11:28:52 IST" name="setup" finished-at="2026-02-20T11:28:54 IST" duration-ms="1958" status="PASS">
          <reporter-output>
          </reporter-output>
        </test-method> <!-- setup -->
        <test-method signature="validateConfirmRejectPopup()[pri:1, instance:com.insurEdge.testScripts.US17_P1_19@4c178a76]" started-at="2026-02-20T11:28:54 IST" name="validateConfirmRejectPopup" description="Test 1: Verify Confirm Rejection popup shows on selection" finished-at="2026-02-20T11:28:56 IST" duration-ms="1397" status="PASS">
          <reporter-output>
          </reporter-output>
        </test-method> <!-- validateConfirmRejectPopup -->
        <test-method signature="validateRejectionSuccess()[pri:2, instance:com.insurEdge.testScripts.US17_P1_19@4c178a76]" started-at="2026-02-20T11:28:56 IST" name="validateRejectionSuccess" description="Test 2: Verify Success popup shows after OK" finished-at="2026-02-20T11:28:56 IST" depends-on-methods="com.insurEdge.testScripts.US17_P1_19.validateConfirmRejectPopup" duration-ms="908" status="PASS">
          <reporter-output>
          </reporter-output>
        </test-method> <!-- validateRejectionSuccess -->
        <test-method signature="validateStatusUpdateInGrid()[pri:3, instance:com.insurEdge.testScripts.US17_P1_19@4c178a76]" started-at="2026-02-20T11:28:56 IST" name="validateStatusUpdateInGrid" description="Test 3: Verify Grid Status updated to Rejected" finished-at="2026-02-20T11:28:58 IST" depends-on-methods="com.insurEdge.testScripts.US17_P1_19.validateRejectionSuccess" duration-ms="1611" status="PASS">
          <reporter-output>
          </reporter-output>
        </test-method> <!-- validateStatusUpdateInGrid -->
        <test-method signature="validateRejectWithNoSelection()[pri:4, instance:com.insurEdge.testScripts.US17_P1_19@4c178a76]" started-at="2026-02-20T11:28:58 IST" name="validateRejectWithNoSelection" description="Test 4: Verify Confirm popup shows even with NO selection" finished-at="2026-02-20T11:28:59 IST" duration-ms="770" status="PASS">
          <reporter-output>
          </reporter-output>
        </test-method> <!-- validateRejectWithNoSelection -->
        <test-method signature="validateNoSelectionWarning()[pri:5, instance:com.insurEdge.testScripts.US17_P1_19@4c178a76]" started-at="2026-02-20T11:28:59 IST" name="validateNoSelectionWarning" description="Test 5: Verify No Selection warning shows" finished-at="2026-02-20T11:29:00 IST" depends-on-methods="com.insurEdge.testScripts.US17_P1_19.validateRejectWithNoSelection" duration-ms="1035" status="PASS">
          <reporter-output>
          </reporter-output>
        </test-method> <!-- validateNoSelectionWarning -->
        <test-method is-config="true" signature="tearDown()[pri:0, instance:com.insurEdge.testScripts.US17_P1_19@4c178a76]" started-at="2026-02-20T11:29:00 IST" name="tearDown" finished-at="2026-02-20T11:29:05 IST" duration-ms="4743" status="PASS">
          <reporter-output>
          </reporter-output>
        </test-method> <!-- tearDown -->
      </class> <!-- com.insurEdge.testScripts.US17_P1_19 -->
      <class name="com.insurEdge.testScripts.US17_P1_08">
        <test-method is-config="true" signature="setUp(java.lang.String,java.lang.String)[pri:0, instance:com.insurEdge.testScripts.US17_P1_08@45c7e403]" started-at="2026-02-20T11:26:23 IST" name="setUp" finished-at="2026-02-20T11:26:29 IST" duration-ms="5219" status="PASS">
          <params>
            <param index="0">
              <value>
                <![CDATA[chrome]]>
              </value>
            </param>
            <param index="1">
              <value>
                <![CDATA[https://qeaskillhub.cognizant.com/LoginPage]]>
              </value>
            </param>
          </params>
          <reporter-output>
          </reporter-output>
        </test-method> <!-- setUp -->
        <test-method is-config="true" signature="initAuthorizePage()[pri:0, instance:com.insurEdge.testScripts.US17_P1_08@45c7e403]" started-at="2026-02-20T11:26:29 IST" name="initAuthorizePage" finished-at="2026-02-20T11:26:31 IST" duration-ms="1966" status="PASS">
          <reporter-output>
          </reporter-output>
        </test-method> <!-- initAuthorizePage -->
        <test-method signature="validateAuthorizeCustomerTitleColor()[pri:1, instance:com.insurEdge.testScripts.US17_P1_08@45c7e403]" started-at="2026-02-20T11:26:31 IST" name="validateAuthorizeCustomerTitleColor" finished-at="2026-02-20T11:26:31 IST" duration-ms="158" status="PASS">
          <reporter-output>
          </reporter-output>
        </test-method> <!-- validateAuthorizeCustomerTitleColor -->
        <test-method signature="validateBreadcrumbTrailPresence()[pri:2, instance:com.insurEdge.testScripts.US17_P1_08@45c7e403]" started-at="2026-02-20T11:26:31 IST" name="validateBreadcrumbTrailPresence" finished-at="2026-02-20T11:26:31 IST" duration-ms="165" status="PASS">
          <reporter-output>
          </reporter-output>
        </test-method> <!-- validateBreadcrumbTrailPresence -->
        <test-method is-config="true" signature="tearDown()[pri:0, instance:com.insurEdge.testScripts.US17_P1_08@45c7e403]" started-at="2026-02-20T11:26:31 IST" name="tearDown" finished-at="2026-02-20T11:26:35 IST" duration-ms="3804" status="PASS">
          <reporter-output>
          </reporter-output>
        </test-method> <!-- tearDown -->
      </class> <!-- com.insurEdge.testScripts.US17_P1_08 -->
      <class name="com.insurEdge.testScripts.US17_P1_09">
        <test-method is-config="true" signature="setUp(java.lang.String,java.lang.String)[pri:0, instance:com.insurEdge.testScripts.US17_P1_09@2925bf5b]" started-at="2026-02-20T11:26:35 IST" name="setUp" finished-at="2026-02-20T11:26:40 IST" duration-ms="4821" status="PASS">
          <params>
            <param index="0">
              <value>
                <![CDATA[chrome]]>
              </value>
            </param>
            <param index="1">
              <value>
                <![CDATA[https://qeaskillhub.cognizant.com/LoginPage]]>
              </value>
            </param>
          </params>
          <reporter-output>
          </reporter-output>
        </test-method> <!-- setUp -->
        <test-method is-config="true" signature="initAuthorizePage()[pri:0, instance:com.insurEdge.testScripts.US17_P1_09@2925bf5b]" started-at="2026-02-20T11:26:40 IST" name="initAuthorizePage" finished-at="2026-02-20T11:26:42 IST" duration-ms="1921" status="PASS">
          <reporter-output>
          </reporter-output>
        </test-method> <!-- initAuthorizePage -->
        <test-method signature="validateApproveButtonUI()[pri:1, instance:com.insurEdge.testScripts.US17_P1_09@2925bf5b]" started-at="2026-02-20T11:26:42 IST" name="validateApproveButtonUI" finished-at="2026-02-20T11:26:42 IST" duration-ms="145" status="PASS">
          <reporter-output>
          </reporter-output>
        </test-method> <!-- validateApproveButtonUI -->
        <test-method signature="validateRejectButtonUI()[pri:2, instance:com.insurEdge.testScripts.US17_P1_09@2925bf5b]" started-at="2026-02-20T11:26:42 IST" name="validateRejectButtonUI" finished-at="2026-02-20T11:26:42 IST" duration-ms="128" status="PASS">
          <reporter-output>
          </reporter-output>
        </test-method> <!-- validateRejectButtonUI -->
        <test-method signature="validateDeleteButtonUI()[pri:3, instance:com.insurEdge.testScripts.US17_P1_09@2925bf5b]" started-at="2026-02-20T11:26:42 IST" name="validateDeleteButtonUI" finished-at="2026-02-20T11:26:42 IST" duration-ms="128" status="PASS">
          <reporter-output>
          </reporter-output>
        </test-method> <!-- validateDeleteButtonUI -->
        <test-method is-config="true" signature="tearDown()[pri:0, instance:com.insurEdge.testScripts.US17_P1_09@2925bf5b]" started-at="2026-02-20T11:26:42 IST" name="tearDown" finished-at="2026-02-20T11:26:46 IST" duration-ms="3694" status="PASS">
          <reporter-output>
          </reporter-output>
        </test-method> <!-- tearDown -->
      </class> <!-- com.insurEdge.testScripts.US17_P1_09 -->
      <class name="com.insurEdge.testScripts.US17_P1_17">
        <test-method is-config="true" signature="setUp(java.lang.String,java.lang.String)[pri:0, instance:com.insurEdge.testScripts.US17_P1_17@7817fd62]" started-at="2026-02-20T11:28:02 IST" name="setUp" finished-at="2026-02-20T11:28:07 IST" duration-ms="5207" status="PASS">
          <params>
            <param index="0">
              <value>
                <![CDATA[chrome]]>
              </value>
            </param>
            <param index="1">
              <value>
                <![CDATA[https://qeaskillhub.cognizant.com/LoginPage]]>
              </value>
            </param>
          </params>
          <reporter-output>
          </reporter-output>
        </test-method> <!-- setUp -->
        <test-method is-config="true" signature="initAuthorizePage()[pri:0, instance:com.insurEdge.testScripts.US17_P1_17@7817fd62]" started-at="2026-02-20T11:28:07 IST" name="initAuthorizePage" finished-at="2026-02-20T11:28:09 IST" duration-ms="1982" status="PASS">
          <reporter-output>
          </reporter-output>
        </test-method> <!-- initAuthorizePage -->
        <test-method signature="verifyRecordsDropdownOptions()[pri:1, instance:com.insurEdge.testScripts.US17_P1_17@7817fd62]" started-at="2026-02-20T11:28:09 IST" name="verifyRecordsDropdownOptions" finished-at="2026-02-20T11:28:10 IST" duration-ms="291" status="PASS">
          <reporter-output>
          </reporter-output>
        </test-method> <!-- verifyRecordsDropdownOptions -->
        <test-method signature="verifyDefaultRecordsDropdownValue()[pri:2, instance:com.insurEdge.testScripts.US17_P1_17@7817fd62]" started-at="2026-02-20T11:28:10 IST" name="verifyDefaultRecordsDropdownValue" finished-at="2026-02-20T11:28:10 IST" duration-ms="214" status="PASS">
          <reporter-output>
          </reporter-output>
        </test-method> <!-- verifyDefaultRecordsDropdownValue -->
        <test-method signature="verifySelect10Records()[pri:3, instance:com.insurEdge.testScripts.US17_P1_17@7817fd62]" started-at="2026-02-20T11:28:10 IST" name="verifySelect10Records" finished-at="2026-02-20T11:28:14 IST" duration-ms="3691" status="PASS">
          <reporter-output>
          </reporter-output>
        </test-method> <!-- verifySelect10Records -->
        <test-method signature="verifySelect20Records()[pri:4, instance:com.insurEdge.testScripts.US17_P1_17@7817fd62]" started-at="2026-02-20T11:28:14 IST" name="verifySelect20Records" finished-at="2026-02-20T11:28:20 IST" duration-ms="6147" status="PASS">
          <reporter-output>
          </reporter-output>
        </test-method> <!-- verifySelect20Records -->
        <test-method signature="verifySelect5Records()[pri:5, instance:com.insurEdge.testScripts.US17_P1_17@7817fd62]" started-at="2026-02-20T11:28:20 IST" name="verifySelect5Records" finished-at="2026-02-20T11:28:22 IST" duration-ms="2367" status="PASS">
          <reporter-output>
          </reporter-output>
        </test-method> <!-- verifySelect5Records -->
        <test-method is-config="true" signature="tearDown()[pri:0, instance:com.insurEdge.testScripts.US17_P1_17@7817fd62]" started-at="2026-02-20T11:28:22 IST" name="tearDown" finished-at="2026-02-20T11:28:28 IST" duration-ms="5835" status="PASS">
          <reporter-output>
          </reporter-output>
        </test-method> <!-- tearDown -->
      </class> <!-- com.insurEdge.testScripts.US17_P1_17 -->
      <class name="com.insurEdge.testScripts.US17_P1_06">
        <test-method is-config="true" signature="setUp(java.lang.String,java.lang.String)[pri:0, instance:com.insurEdge.testScripts.US17_P1_06@9d5509a]" started-at="2026-02-20T11:25:27 IST" name="setUp" finished-at="2026-02-20T11:25:32 IST" duration-ms="5207" status="PASS">
          <params>
            <param index="0">
              <value>
                <![CDATA[chrome]]>
              </value>
            </param>
            <param index="1">
              <value>
                <![CDATA[https://qeaskillhub.cognizant.com/LoginPage]]>
              </value>
            </param>
          </params>
          <reporter-output>
          </reporter-output>
        </test-method> <!-- setUp -->
        <test-method signature="dashboard()[pri:1, instance:com.insurEdge.testScripts.US17_P1_06@9d5509a]" started-at="2026-02-20T11:25:32 IST" name="dashboard" finished-at="2026-02-20T11:25:33 IST" duration-ms="1059" status="PASS">
          <reporter-output>
          </reporter-output>
        </test-method> <!-- dashboard -->
        <test-method signature="expandCustomer()[pri:2, instance:com.insurEdge.testScripts.US17_P1_06@9d5509a]" started-at="2026-02-20T11:25:33 IST" name="expandCustomer" finished-at="2026-02-20T11:25:33 IST" duration-ms="548" status="PASS">
          <reporter-output>
          </reporter-output>
        </test-method> <!-- expandCustomer -->
        <test-method signature="customerCreate()[pri:3, instance:com.insurEdge.testScripts.US17_P1_06@9d5509a]" started-at="2026-02-20T11:25:33 IST" name="customerCreate" finished-at="2026-02-20T11:25:34 IST" duration-ms="722" status="FAIL">
          <exception class="org.openqa.selenium.ElementNotInteractableException">
            <message>
              <![CDATA[element not interactable: element has zero size
  (Session info: chrome=142.0.7444.176)
Build info: version: '4.40.0', revision: 'b3333f1'
System info: os.name: 'Windows 11', os.arch: 'amd64', os.version: '10.0', java.version: '21'
Driver info: org.openqa.selenium.chrome.ChromeDriver
Command: [f6e7befd0b1f96729432257d877719c4, clickElement {id=f.474E809CD84539ECB0DEFEA8A7B13710.d.E18003AD15CF1451E88B4660351C9D52.e.59}]
Capabilities {acceptInsecureCerts: false, browserName: chrome, browserVersion: 142.0.7444.176, chrome: {chromedriverVersion: 142.0.7444.175 (302067f14a4..., userDataDir: C:\Users\2461407\AppData\Lo...}, fedcm:accounts: true, goog:chromeOptions: {debuggerAddress: localhost:56804}, goog:processID: 26900, networkConnectionEnabled: false, pageLoadStrategy: normal, platformName: windows, proxy: Proxy(), se:cdp: ws://localhost:56804/devtoo..., se:cdpVersion: 142.0.7444.176, setWindowRect: true, strictFileInteractability: false, timeouts: {implicit: 0, pageLoad: 300000, script: 30000}, unhandledPromptBehavior: dismiss and notify, webauthn:extension:credBlob: true, webauthn:extension:largeBlob: true, webauthn:extension:minPinLength: true, webauthn:extension:prf: true, webauthn:virtualAuthenticators: true}
Element: [[ChromeDriver: chrome on windows (f6e7befd0b1f96729432257d877719c4)] -> css selector: #components-nav a[href*='CreateCustomer']]
Session ID: f6e7befd0b1f96729432257d877719c4]]>
            </message>
            <full-stacktrace>
              <![CDATA[org.openqa.selenium.ElementNotInteractableException: element not interactable: element has zero size
  (Session info: chrome=142.0.7444.176)
Build info: version: '4.40.0', revision: 'b3333f1'
System info: os.name: 'Windows 11', os.arch: 'amd64', os.version: '10.0', java.version: '21'
Driver info: org.openqa.selenium.chrome.ChromeDriver
Command: [f6e7befd0b1f96729432257d877719c4, clickElement {id=f.474E809CD84539ECB0DEFEA8A7B13710.d.E18003AD15CF1451E88B4660351C9D52.e.59}]
Capabilities {acceptInsecureCerts: false, browserName: chrome, browserVersion: 142.0.7444.176, chrome: {chromedriverVersion: 142.0.7444.175 (302067f14a4..., userDataDir: C:\Users\2461407\AppData\Lo...}, fedcm:accounts: true, goog:chromeOptions: {debuggerAddress: localhost:56804}, goog:processID: 26900, networkConnectionEnabled: false, pageLoadStrategy: normal, platformName: windows, proxy: Proxy(), se:cdp: ws://localhost:56804/devtoo..., se:cdpVersion: 142.0.7444.176, setWindowRect: true, strictFileInteractability: false, timeouts: {implicit: 0, pageLoad: 300000, script: 30000}, unhandledPromptBehavior: dismiss and notify, webauthn:extension:credBlob: true, webauthn:extension:largeBlob: true, webauthn:extension:minPinLength: true, webauthn:extension:prf: true, webauthn:virtualAuthenticators: true}
Element: [[ChromeDriver: chrome on windows (f6e7befd0b1f96729432257d877719c4)] -> css selector: #components-nav a[href*='CreateCustomer']]
Session ID: f6e7befd0b1f96729432257d877719c4
at org.openqa.selenium.remote.ErrorCodec.decode(ErrorCodec.java:169)
at org.openqa.selenium.remote.codec.w3c.W3CHttpResponseCodec.decode(W3CHttpResponseCodec.java:142)
at org.openqa.selenium.remote.codec.w3c.W3CHttpResponseCodec.decode(W3CHttpResponseCodec.java:49)
at org.openqa.selenium.remote.HttpCommandExecutor.execute(HttpCommandExecutor.java:223)
at org.openqa.selenium.remote.service.DriverCommandExecutor.invokeExecute(DriverCommandExecutor.java:216)
at org.openqa.selenium.remote.service.DriverCommandExecutor.execute(DriverCommandExecutor.java:174)
at org.openqa.selenium.remote.RemoteWebDriver.execute(RemoteWebDriver.java:601)
at org.openqa.selenium.remote.RemoteWebElement.execute(RemoteWebElement.java:223)
at org.openqa.selenium.remote.RemoteWebElement.click(RemoteWebElement.java:76)
at com.insurEdge.testScripts.US17_P1_06.clickAndValidate(US17_P1_06.java:22)
at com.insurEdge.testScripts.US17_P1_06.customerCreate(US17_P1_06.java:93)
at java.base/jdk.internal.reflect.DirectMethodHandleAccessor.invoke(DirectMethodHandleAccessor.java:103)
at java.base/java.lang.reflect.Method.invoke(Method.java:580)
at org.testng.internal.invokers.MethodInvocationHelper.invokeMethod(MethodInvocationHelper.java:139)
at org.testng.internal.invokers.TestInvoker.invokeMethod(TestInvoker.java:664)
at org.testng.internal.invokers.TestInvoker.invokeTestMethod(TestInvoker.java:228)
at org.testng.internal.invokers.MethodRunner.runInSequence(MethodRunner.java:63)
at org.testng.internal.invokers.TestInvoker$MethodInvocationAgent.invoke(TestInvoker.java:961)
at org.testng.internal.invokers.TestInvoker.invokeTestMethods(TestInvoker.java:201)
at org.testng.internal.invokers.TestMethodWorker.invokeTestMethods(TestMethodWorker.java:148)
at org.testng.internal.invokers.TestMethodWorker.run(TestMethodWorker.java:128)
at java.base/java.util.ArrayList.forEach(ArrayList.java:1596)
at org.testng.TestRunner.privateRun(TestRunner.java:819)
at org.testng.TestRunner.run(TestRunner.java:619)
at org.testng.SuiteRunner.runTest(SuiteRunner.java:443)
at org.testng.SuiteRunner.runSequentially(SuiteRunner.java:437)
at org.testng.SuiteRunner.privateRun(SuiteRunner.java:397)
at org.testng.SuiteRunner.run(SuiteRunner.java:336)
at org.testng.SuiteRunnerWorker.runSuite(SuiteRunnerWorker.java:52)
at org.testng.SuiteRunnerWorker.run(SuiteRunnerWorker.java:95)
at org.testng.TestNG.runSuitesSequentially(TestNG.java:1301)
at org.testng.TestNG.runSuitesLocally(TestNG.java:1228)
at org.testng.TestNG.runSuites(TestNG.java:1134)
at org.testng.TestNG.run(TestNG.java:1101)
at org.testng.remote.AbstractRemoteTestNG.run(AbstractRemoteTestNG.java:115)
at org.testng.remote.RemoteTestNG.initAndRun(RemoteTestNG.java:251)
at org.testng.remote.RemoteTestNG.main(RemoteTestNG.java:77)
]]>
            </full-stacktrace>
          </exception> <!-- org.openqa.selenium.ElementNotInteractableException -->
          <reporter-output>
          </reporter-output>
        </test-method> <!-- customerCreate -->
        <test-method signature="customerView()[pri:4, instance:com.insurEdge.testScripts.US17_P1_06@9d5509a]" started-at="2026-02-20T11:25:34 IST" name="customerView" finished-at="2026-02-20T11:25:35 IST" duration-ms="1029" status="PASS">
          <reporter-output>
          </reporter-output>
        </test-method> <!-- customerView -->
        <test-method signature="customerAuthorize()[pri:5, instance:com.insurEdge.testScripts.US17_P1_06@9d5509a]" started-at="2026-02-20T11:25:35 IST" name="customerAuthorize" finished-at="2026-02-20T11:25:37 IST" duration-ms="1743" status="PASS">
          <reporter-output>
          </reporter-output>
        </test-method> <!-- customerAuthorize -->
        <test-method signature="expandCategory()[pri:6, instance:com.insurEdge.testScripts.US17_P1_06@9d5509a]" started-at="2026-02-20T11:25:37 IST" name="expandCategory" finished-at="2026-02-20T11:25:37 IST" duration-ms="477" status="PASS">
          <reporter-output>
          </reporter-output>
        </test-method> <!-- expandCategory -->
        <test-method signature="createMainCategory()[pri:7, instance:com.insurEdge.testScripts.US17_P1_06@9d5509a]" started-at="2026-02-20T11:25:37 IST" name="createMainCategory" finished-at="2026-02-20T11:25:39 IST" duration-ms="1707" status="FAIL">
          <exception class="org.openqa.selenium.ElementClickInterceptedException">
            <message>
              <![CDATA[element click intercepted: Element <a href="AdminCreateMainCategory.aspx">...</a> is not clickable at point (130, 20). Other element would receive the click: <span class="d-none d-lg-block">...</span>
  (Session info: chrome=142.0.7444.176)
Build info: version: '4.40.0', revision: 'b3333f1'
System info: os.name: 'Windows 11', os.arch: 'amd64', os.version: '10.0', java.version: '21'
Driver info: org.openqa.selenium.chrome.ChromeDriver
Command: [f6e7befd0b1f96729432257d877719c4, clickElement {id=f.474E809CD84539ECB0DEFEA8A7B13710.d.C172C4B9B3E2F544F77DDF9B9E1DACE5.e.96}]
Capabilities {acceptInsecureCerts: false, browserName: chrome, browserVersion: 142.0.7444.176, chrome: {chromedriverVersion: 142.0.7444.175 (302067f14a4..., userDataDir: C:\Users\2461407\AppData\Lo...}, fedcm:accounts: true, goog:chromeOptions: {debuggerAddress: localhost:56804}, goog:processID: 26900, networkConnectionEnabled: false, pageLoadStrategy: normal, platformName: windows, proxy: Proxy(), se:cdp: ws://localhost:56804/devtoo..., se:cdpVersion: 142.0.7444.176, setWindowRect: true, strictFileInteractability: false, timeouts: {implicit: 0, pageLoad: 300000, script: 30000}, unhandledPromptBehavior: dismiss and notify, webauthn:extension:credBlob: true, webauthn:extension:largeBlob: true, webauthn:extension:minPinLength: true, webauthn:extension:prf: true, webauthn:virtualAuthenticators: true}
Element: [[ChromeDriver: chrome on windows (f6e7befd0b1f96729432257d877719c4)] -> css selector: #forms-nav a[href*='AdminCreateMainCategory']]
Session ID: f6e7befd0b1f96729432257d877719c4]]>
            </message>
            <full-stacktrace>
              <![CDATA[org.openqa.selenium.ElementClickInterceptedException: element click intercepted: Element <a href="AdminCreateMainCategory.aspx">...</a> is not clickable at point (130, 20). Other element would receive the click: <span class="d-none d-lg-block">...</span>
  (Session info: chrome=142.0.7444.176)
Build info: version: '4.40.0', revision: 'b3333f1'
System info: os.name: 'Windows 11', os.arch: 'amd64', os.version: '10.0', java.version: '21'
Driver info: org.openqa.selenium.chrome.ChromeDriver
Command: [f6e7befd0b1f96729432257d877719c4, clickElement {id=f.474E809CD84539ECB0DEFEA8A7B13710.d.C172C4B9B3E2F544F77DDF9B9E1DACE5.e.96}]
Capabilities {acceptInsecureCerts: false, browserName: chrome, browserVersion: 142.0.7444.176, chrome: {chromedriverVersion: 142.0.7444.175 (302067f14a4..., userDataDir: C:\Users\2461407\AppData\Lo...}, fedcm:accounts: true, goog:chromeOptions: {debuggerAddress: localhost:56804}, goog:processID: 26900, networkConnectionEnabled: false, pageLoadStrategy: normal, platformName: windows, proxy: Proxy(), se:cdp: ws://localhost:56804/devtoo..., se:cdpVersion: 142.0.7444.176, setWindowRect: true, strictFileInteractability: false, timeouts: {implicit: 0, pageLoad: 300000, script: 30000}, unhandledPromptBehavior: dismiss and notify, webauthn:extension:credBlob: true, webauthn:extension:largeBlob: true, webauthn:extension:minPinLength: true, webauthn:extension:prf: true, webauthn:virtualAuthenticators: true}
Element: [[ChromeDriver: chrome on windows (f6e7befd0b1f96729432257d877719c4)] -> css selector: #forms-nav a[href*='AdminCreateMainCategory']]
Session ID: f6e7befd0b1f96729432257d877719c4
at org.openqa.selenium.remote.ErrorCodec.decode(ErrorCodec.java:169)
at org.openqa.selenium.remote.codec.w3c.W3CHttpResponseCodec.decode(W3CHttpResponseCodec.java:142)
at org.openqa.selenium.remote.codec.w3c.W3CHttpResponseCodec.decode(W3CHttpResponseCodec.java:49)
at org.openqa.selenium.remote.HttpCommandExecutor.execute(HttpCommandExecutor.java:223)
at org.openqa.selenium.remote.service.DriverCommandExecutor.invokeExecute(DriverCommandExecutor.java:216)
at org.openqa.selenium.remote.service.DriverCommandExecutor.execute(DriverCommandExecutor.java:174)
at org.openqa.selenium.remote.RemoteWebDriver.execute(RemoteWebDriver.java:601)
at org.openqa.selenium.remote.RemoteWebElement.execute(RemoteWebElement.java:223)
at org.openqa.selenium.remote.RemoteWebElement.click(RemoteWebElement.java:76)
at com.insurEdge.testScripts.US17_P1_06.clickAndValidate(US17_P1_06.java:22)
at com.insurEdge.testScripts.US17_P1_06.createMainCategory(US17_P1_06.java:119)
at java.base/jdk.internal.reflect.DirectMethodHandleAccessor.invoke(DirectMethodHandleAccessor.java:103)
at java.base/java.lang.reflect.Method.invoke(Method.java:580)
at org.testng.internal.invokers.MethodInvocationHelper.invokeMethod(MethodInvocationHelper.java:139)
at org.testng.internal.invokers.TestInvoker.invokeMethod(TestInvoker.java:664)
at org.testng.internal.invokers.TestInvoker.invokeTestMethod(TestInvoker.java:228)
at org.testng.internal.invokers.MethodRunner.runInSequence(MethodRunner.java:63)
at org.testng.internal.invokers.TestInvoker$MethodInvocationAgent.invoke(TestInvoker.java:961)
at org.testng.internal.invokers.TestInvoker.invokeTestMethods(TestInvoker.java:201)
at org.testng.internal.invokers.TestMethodWorker.invokeTestMethods(TestMethodWorker.java:148)
at org.testng.internal.invokers.TestMethodWorker.run(TestMethodWorker.java:128)
at java.base/java.util.ArrayList.forEach(ArrayList.java:1596)
at org.testng.TestRunner.privateRun(TestRunner.java:819)
at org.testng.TestRunner.run(TestRunner.java:619)
at org.testng.SuiteRunner.runTest(SuiteRunner.java:443)
at org.testng.SuiteRunner.runSequentially(SuiteRunner.java:437)
at org.testng.SuiteRunner.privateRun(SuiteRunner.java:397)
at org.testng.SuiteRunner.run(SuiteRunner.java:336)
at org.testng.SuiteRunnerWorker.runSuite(SuiteRunnerWorker.java:52)
at org.testng.SuiteRunnerWorker.run(SuiteRunnerWorker.java:95)
at org.testng.TestNG.runSuitesSequentially(TestNG.java:1301)
at org.testng.TestNG.runSuitesLocally(TestNG.java:1228)
at org.testng.TestNG.runSuites(TestNG.java:1134)
at org.testng.TestNG.run(TestNG.java:1101)
at org.testng.remote.AbstractRemoteTestNG.run(AbstractRemoteTestNG.java:115)
at org.testng.remote.RemoteTestNG.initAndRun(RemoteTestNG.java:251)
at org.testng.remote.RemoteTestNG.main(RemoteTestNG.java:77)
]]>
            </full-stacktrace>
          </exception> <!-- org.openqa.selenium.ElementClickInterceptedException -->
          <reporter-output>
          </reporter-output>
        </test-method> <!-- createMainCategory -->
        <test-method signature="createSubCategory()[pri:8, instance:com.insurEdge.testScripts.US17_P1_06@9d5509a]" started-at="2026-02-20T11:25:39 IST" name="createSubCategory" finished-at="2026-02-20T11:25:40 IST" duration-ms="1029" status="PASS">
          <reporter-output>
          </reporter-output>
        </test-method> <!-- createSubCategory -->
        <test-method signature="expandPolicy()[pri:9, instance:com.insurEdge.testScripts.US17_P1_06@9d5509a]" started-at="2026-02-20T11:25:40 IST" name="expandPolicy" finished-at="2026-02-20T11:25:41 IST" duration-ms="444" status="PASS">
          <reporter-output>
          </reporter-output>
        </test-method> <!-- expandPolicy -->
        <test-method signature="createPolicy()[pri:10, instance:com.insurEdge.testScripts.US17_P1_06@9d5509a]" started-at="2026-02-20T11:25:41 IST" name="createPolicy" finished-at="2026-02-20T11:25:42 IST" duration-ms="1793" status="FAIL">
          <exception class="org.openqa.selenium.ElementClickInterceptedException">
            <message>
              <![CDATA[element click intercepted: Element <a href="AdminCreatePolicy.aspx">...</a> is not clickable at point (130, 20). Other element would receive the click: <span class="d-none d-lg-block">...</span>
  (Session info: chrome=142.0.7444.176)
Build info: version: '4.40.0', revision: 'b3333f1'
System info: os.name: 'Windows 11', os.arch: 'amd64', os.version: '10.0', java.version: '21'
Driver info: org.openqa.selenium.chrome.ChromeDriver
Command: [f6e7befd0b1f96729432257d877719c4, clickElement {id=f.474E809CD84539ECB0DEFEA8A7B13710.d.BFB25A4825AD7F87BA97FA49D367326E.e.142}]
Capabilities {acceptInsecureCerts: false, browserName: chrome, browserVersion: 142.0.7444.176, chrome: {chromedriverVersion: 142.0.7444.175 (302067f14a4..., userDataDir: C:\Users\2461407\AppData\Lo...}, fedcm:accounts: true, goog:chromeOptions: {debuggerAddress: localhost:56804}, goog:processID: 26900, networkConnectionEnabled: false, pageLoadStrategy: normal, platformName: windows, proxy: Proxy(), se:cdp: ws://localhost:56804/devtoo..., se:cdpVersion: 142.0.7444.176, setWindowRect: true, strictFileInteractability: false, timeouts: {implicit: 0, pageLoad: 300000, script: 30000}, unhandledPromptBehavior: dismiss and notify, webauthn:extension:credBlob: true, webauthn:extension:largeBlob: true, webauthn:extension:minPinLength: true, webauthn:extension:prf: true, webauthn:virtualAuthenticators: true}
Element: [[ChromeDriver: chrome on windows (f6e7befd0b1f96729432257d877719c4)] -> css selector: #tables-nav a[href*='AdminCreatePolicy']]
Session ID: f6e7befd0b1f96729432257d877719c4]]>
            </message>
            <full-stacktrace>
              <![CDATA[org.openqa.selenium.ElementClickInterceptedException: element click intercepted: Element <a href="AdminCreatePolicy.aspx">...</a> is not clickable at point (130, 20). Other element would receive the click: <span class="d-none d-lg-block">...</span>
  (Session info: chrome=142.0.7444.176)
Build info: version: '4.40.0', revision: 'b3333f1'
System info: os.name: 'Windows 11', os.arch: 'amd64', os.version: '10.0', java.version: '21'
Driver info: org.openqa.selenium.chrome.ChromeDriver
Command: [f6e7befd0b1f96729432257d877719c4, clickElement {id=f.474E809CD84539ECB0DEFEA8A7B13710.d.BFB25A4825AD7F87BA97FA49D367326E.e.142}]
Capabilities {acceptInsecureCerts: false, browserName: chrome, browserVersion: 142.0.7444.176, chrome: {chromedriverVersion: 142.0.7444.175 (302067f14a4..., userDataDir: C:\Users\2461407\AppData\Lo...}, fedcm:accounts: true, goog:chromeOptions: {debuggerAddress: localhost:56804}, goog:processID: 26900, networkConnectionEnabled: false, pageLoadStrategy: normal, platformName: windows, proxy: Proxy(), se:cdp: ws://localhost:56804/devtoo..., se:cdpVersion: 142.0.7444.176, setWindowRect: true, strictFileInteractability: false, timeouts: {implicit: 0, pageLoad: 300000, script: 30000}, unhandledPromptBehavior: dismiss and notify, webauthn:extension:credBlob: true, webauthn:extension:largeBlob: true, webauthn:extension:minPinLength: true, webauthn:extension:prf: true, webauthn:virtualAuthenticators: true}
Element: [[ChromeDriver: chrome on windows (f6e7befd0b1f96729432257d877719c4)] -> css selector: #tables-nav a[href*='AdminCreatePolicy']]
Session ID: f6e7befd0b1f96729432257d877719c4
at org.openqa.selenium.remote.ErrorCodec.decode(ErrorCodec.java:169)
at org.openqa.selenium.remote.codec.w3c.W3CHttpResponseCodec.decode(W3CHttpResponseCodec.java:142)
at org.openqa.selenium.remote.codec.w3c.W3CHttpResponseCodec.decode(W3CHttpResponseCodec.java:49)
at org.openqa.selenium.remote.HttpCommandExecutor.execute(HttpCommandExecutor.java:223)
at org.openqa.selenium.remote.service.DriverCommandExecutor.invokeExecute(DriverCommandExecutor.java:216)
at org.openqa.selenium.remote.service.DriverCommandExecutor.execute(DriverCommandExecutor.java:174)
at org.openqa.selenium.remote.RemoteWebDriver.execute(RemoteWebDriver.java:601)
at org.openqa.selenium.remote.RemoteWebElement.execute(RemoteWebElement.java:223)
at org.openqa.selenium.remote.RemoteWebElement.click(RemoteWebElement.java:76)
at com.insurEdge.testScripts.US17_P1_06.clickAndValidate(US17_P1_06.java:22)
at com.insurEdge.testScripts.US17_P1_06.createPolicy(US17_P1_06.java:139)
at java.base/jdk.internal.reflect.DirectMethodHandleAccessor.invoke(DirectMethodHandleAccessor.java:103)
at java.base/java.lang.reflect.Method.invoke(Method.java:580)
at org.testng.internal.invokers.MethodInvocationHelper.invokeMethod(MethodInvocationHelper.java:139)
at org.testng.internal.invokers.TestInvoker.invokeMethod(TestInvoker.java:664)
at org.testng.internal.invokers.TestInvoker.invokeTestMethod(TestInvoker.java:228)
at org.testng.internal.invokers.MethodRunner.runInSequence(MethodRunner.java:63)
at org.testng.internal.invokers.TestInvoker$MethodInvocationAgent.invoke(TestInvoker.java:961)
at org.testng.internal.invokers.TestInvoker.invokeTestMethods(TestInvoker.java:201)
at org.testng.internal.invokers.TestMethodWorker.invokeTestMethods(TestMethodWorker.java:148)
at org.testng.internal.invokers.TestMethodWorker.run(TestMethodWorker.java:128)
at java.base/java.util.ArrayList.forEach(ArrayList.java:1596)
at org.testng.TestRunner.privateRun(TestRunner.java:819)
at org.testng.TestRunner.run(TestRunner.java:619)
at org.testng.SuiteRunner.runTest(SuiteRunner.java:443)
at org.testng.SuiteRunner.runSequentially(SuiteRunner.java:437)
at org.testng.SuiteRunner.privateRun(SuiteRunner.java:397)
at org.testng.SuiteRunner.run(SuiteRunner.java:336)
at org.testng.SuiteRunnerWorker.runSuite(SuiteRunnerWorker.java:52)
at org.testng.SuiteRunnerWorker.run(SuiteRunnerWorker.java:95)
at org.testng.TestNG.runSuitesSequentially(TestNG.java:1301)
at org.testng.TestNG.runSuitesLocally(TestNG.java:1228)
at org.testng.TestNG.runSuites(TestNG.java:1134)
at org.testng.TestNG.run(TestNG.java:1101)
at org.testng.remote.AbstractRemoteTestNG.run(AbstractRemoteTestNG.java:115)
at org.testng.remote.RemoteTestNG.initAndRun(RemoteTestNG.java:251)
at org.testng.remote.RemoteTestNG.main(RemoteTestNG.java:77)
]]>
            </full-stacktrace>
          </exception> <!-- org.openqa.selenium.ElementClickInterceptedException -->
          <reporter-output>
          </reporter-output>
        </test-method> <!-- createPolicy -->
        <test-method signature="authorizePolicy()[pri:11, instance:com.insurEdge.testScripts.US17_P1_06@9d5509a]" started-at="2026-02-20T11:25:42 IST" name="authorizePolicy" finished-at="2026-02-20T11:25:44 IST" duration-ms="1491" status="PASS">
          <reporter-output>
          </reporter-output>
        </test-method> <!-- authorizePolicy -->
        <test-method signature="viewPolicy()[pri:12, instance:com.insurEdge.testScripts.US17_P1_06@9d5509a]" started-at="2026-02-20T11:25:44 IST" name="viewPolicy" finished-at="2026-02-20T11:25:46 IST" duration-ms="1587" status="PASS">
          <reporter-output>
          </reporter-output>
        </test-method> <!-- viewPolicy -->
        <test-method signature="modifyPolicy()[pri:13, instance:com.insurEdge.testScripts.US17_P1_06@9d5509a]" started-at="2026-02-20T11:25:46 IST" name="modifyPolicy" finished-at="2026-02-20T11:25:47 IST" duration-ms="1903" status="PASS">
          <reporter-output>
          </reporter-output>
        </test-method> <!-- modifyPolicy -->
        <test-method signature="expandPolicyHolders()[pri:14, instance:com.insurEdge.testScripts.US17_P1_06@9d5509a]" started-at="2026-02-20T11:25:47 IST" name="expandPolicyHolders" finished-at="2026-02-20T11:25:48 IST" duration-ms="434" status="PASS">
          <reporter-output>
          </reporter-output>
        </test-method> <!-- expandPolicyHolders -->
        <test-method signature="appliedPolicyHolder()[pri:15, instance:com.insurEdge.testScripts.US17_P1_06@9d5509a]" started-at="2026-02-20T11:25:48 IST" name="appliedPolicyHolder" finished-at="2026-02-20T11:25:49 IST" duration-ms="856" status="PASS">
          <reporter-output>
          </reporter-output>
        </test-method> <!-- appliedPolicyHolder -->
        <test-method signature="approvedPolicyHolder()[pri:16, instance:com.insurEdge.testScripts.US17_P1_06@9d5509a]" started-at="2026-02-20T11:25:49 IST" name="approvedPolicyHolder" finished-at="2026-02-20T11:25:50 IST" duration-ms="1053" status="PASS">
          <reporter-output>
          </reporter-output>
        </test-method> <!-- approvedPolicyHolder -->
        <test-method signature="pendingPolicyHolder()[pri:17, instance:com.insurEdge.testScripts.US17_P1_06@9d5509a]" started-at="2026-02-20T11:25:50 IST" name="pendingPolicyHolder" finished-at="2026-02-20T11:25:51 IST" duration-ms="1469" status="PASS">
          <reporter-output>
          </reporter-output>
        </test-method> <!-- pendingPolicyHolder -->
        <test-method signature="rejectedPolicyHolder()[pri:18, instance:com.insurEdge.testScripts.US17_P1_06@9d5509a]" started-at="2026-02-20T11:25:51 IST" name="rejectedPolicyHolder" finished-at="2026-02-20T11:25:53 IST" duration-ms="1652" status="PASS">
          <reporter-output>
          </reporter-output>
        </test-method> <!-- rejectedPolicyHolder -->
        <test-method signature="expandQuestions()[pri:19, instance:com.insurEdge.testScripts.US17_P1_06@9d5509a]" started-at="2026-02-20T11:25:53 IST" name="expandQuestions" finished-at="2026-02-20T11:25:53 IST" duration-ms="498" status="PASS">
          <reporter-output>
          </reporter-output>
        </test-method> <!-- expandQuestions -->
        <test-method signature="link1Questions()[pri:20, instance:com.insurEdge.testScripts.US17_P1_06@9d5509a]" started-at="2026-02-20T11:25:53 IST" name="link1Questions" finished-at="2026-02-20T11:26:04 IST" duration-ms="10983" status="FAIL">
          <exception class="org.openqa.selenium.TimeoutException">
            <message>
              <![CDATA[Expected condition failed: waiting for at least one condition to be valid:
1. url to contain "charts-chartjs". Current url: "https://qeaskillhub.cognizant.com/AdminRejectedPolicyHolder"
2. title to contain "404". Current title: "InsurEdge - Rejected Policy Holders".

(tried for 10 seconds with 500 milliseconds interval)
Build info: version: '4.40.0', revision: 'b3333f1'
System info: os.name: 'Windows 11', os.arch: 'amd64', os.version: '10.0', java.version: '21'
Driver info: org.openqa.selenium.chrome.ChromeDriver
Capabilities {acceptInsecureCerts: false, browserName: chrome, browserVersion: 142.0.7444.176, chrome: {chromedriverVersion: 142.0.7444.175 (302067f14a4..., userDataDir: C:\Users\2461407\AppData\Lo...}, fedcm:accounts: true, goog:chromeOptions: {debuggerAddress: localhost:56804}, goog:processID: 26900, networkConnectionEnabled: false, pageLoadStrategy: normal, platformName: windows, proxy: Proxy(), se:cdp: ws://localhost:56804/devtoo..., se:cdpVersion: 142.0.7444.176, setWindowRect: true, strictFileInteractability: false, timeouts: {implicit: 0, pageLoad: 300000, script: 30000}, unhandledPromptBehavior: dismiss and notify, webauthn:extension:credBlob: true, webauthn:extension:largeBlob: true, webauthn:extension:minPinLength: true, webauthn:extension:prf: true, webauthn:virtualAuthenticators: true}
Session ID: f6e7befd0b1f96729432257d877719c4]]>
            </message>
            <full-stacktrace>
              <![CDATA[org.openqa.selenium.TimeoutException: Expected condition failed: waiting for at least one condition to be valid:
1. url to contain "charts-chartjs". Current url: "https://qeaskillhub.cognizant.com/AdminRejectedPolicyHolder"
2. title to contain "404". Current title: "InsurEdge - Rejected Policy Holders".

(tried for 10 seconds with 500 milliseconds interval)
Build info: version: '4.40.0', revision: 'b3333f1'
System info: os.name: 'Windows 11', os.arch: 'amd64', os.version: '10.0', java.version: '21'
Driver info: org.openqa.selenium.chrome.ChromeDriver
Capabilities {acceptInsecureCerts: false, browserName: chrome, browserVersion: 142.0.7444.176, chrome: {chromedriverVersion: 142.0.7444.175 (302067f14a4..., userDataDir: C:\Users\2461407\AppData\Lo...}, fedcm:accounts: true, goog:chromeOptions: {debuggerAddress: localhost:56804}, goog:processID: 26900, networkConnectionEnabled: false, pageLoadStrategy: normal, platformName: windows, proxy: Proxy(), se:cdp: ws://localhost:56804/devtoo..., se:cdpVersion: 142.0.7444.176, setWindowRect: true, strictFileInteractability: false, timeouts: {implicit: 0, pageLoad: 300000, script: 30000}, unhandledPromptBehavior: dismiss and notify, webauthn:extension:credBlob: true, webauthn:extension:largeBlob: true, webauthn:extension:minPinLength: true, webauthn:extension:prf: true, webauthn:virtualAuthenticators: true}
Session ID: f6e7befd0b1f96729432257d877719c4
at org.openqa.selenium.support.ui.WebDriverWait.timeoutException(WebDriverWait.java:84)
at org.openqa.selenium.support.ui.FluentWait.until(FluentWait.java:231)
at com.insurEdge.testScripts.US17_P1_06.clickAndValidateWith404(US17_P1_06.java:49)
at com.insurEdge.testScripts.US17_P1_06.link1Questions(US17_P1_06.java:203)
at java.base/jdk.internal.reflect.DirectMethodHandleAccessor.invoke(DirectMethodHandleAccessor.java:103)
at java.base/java.lang.reflect.Method.invoke(Method.java:580)
at org.testng.internal.invokers.MethodInvocationHelper.invokeMethod(MethodInvocationHelper.java:139)
at org.testng.internal.invokers.TestInvoker.invokeMethod(TestInvoker.java:664)
at org.testng.internal.invokers.TestInvoker.invokeTestMethod(TestInvoker.java:228)
at org.testng.internal.invokers.MethodRunner.runInSequence(MethodRunner.java:63)
at org.testng.internal.invokers.TestInvoker$MethodInvocationAgent.invoke(TestInvoker.java:961)
at org.testng.internal.invokers.TestInvoker.invokeTestMethods(TestInvoker.java:201)
at org.testng.internal.invokers.TestMethodWorker.invokeTestMethods(TestMethodWorker.java:148)
at org.testng.internal.invokers.TestMethodWorker.run(TestMethodWorker.java:128)
at java.base/java.util.ArrayList.forEach(ArrayList.java:1596)
at org.testng.TestRunner.privateRun(TestRunner.java:819)
at org.testng.TestRunner.run(TestRunner.java:619)
at org.testng.SuiteRunner.runTest(SuiteRunner.java:443)
at org.testng.SuiteRunner.runSequentially(SuiteRunner.java:437)
at org.testng.SuiteRunner.privateRun(SuiteRunner.java:397)
at org.testng.SuiteRunner.run(SuiteRunner.java:336)
at org.testng.SuiteRunnerWorker.runSuite(SuiteRunnerWorker.java:52)
at org.testng.SuiteRunnerWorker.run(SuiteRunnerWorker.java:95)
at org.testng.TestNG.runSuitesSequentially(TestNG.java:1301)
at org.testng.TestNG.runSuitesLocally(TestNG.java:1228)
at org.testng.TestNG.runSuites(TestNG.java:1134)
at org.testng.TestNG.run(TestNG.java:1101)
at org.testng.remote.AbstractRemoteTestNG.run(AbstractRemoteTestNG.java:115)
at org.testng.remote.RemoteTestNG.initAndRun(RemoteTestNG.java:251)
at org.testng.remote.RemoteTestNG.main(RemoteTestNG.java:77)
]]>
            </full-stacktrace>
          </exception> <!-- org.openqa.selenium.TimeoutException -->
          <reporter-output>
          </reporter-output>
        </test-method> <!-- link1Questions -->
        <test-method signature="link2Questions()[pri:21, instance:com.insurEdge.testScripts.US17_P1_06@9d5509a]" started-at="2026-02-20T11:26:04 IST" name="link2Questions" finished-at="2026-02-20T11:26:06 IST" duration-ms="1411" status="FAIL">
          <exception class="java.lang.AssertionError">
            <message>
              <![CDATA[Link2 Questions NOT reached - Link returned 404]]>
            </message>
            <full-stacktrace>
              <![CDATA[java.lang.AssertionError: Link2 Questions NOT reached - Link returned 404
at org.testng.Assert.fail(Assert.java:111)
at com.insurEdge.testScripts.US17_P1_06.clickAndValidateWith404(US17_P1_06.java:57)
at com.insurEdge.testScripts.US17_P1_06.link2Questions(US17_P1_06.java:209)
at java.base/jdk.internal.reflect.DirectMethodHandleAccessor.invoke(DirectMethodHandleAccessor.java:103)
at java.base/java.lang.reflect.Method.invoke(Method.java:580)
at org.testng.internal.invokers.MethodInvocationHelper.invokeMethod(MethodInvocationHelper.java:139)
at org.testng.internal.invokers.TestInvoker.invokeMethod(TestInvoker.java:664)
at org.testng.internal.invokers.TestInvoker.invokeTestMethod(TestInvoker.java:228)
at org.testng.internal.invokers.MethodRunner.runInSequence(MethodRunner.java:63)
at org.testng.internal.invokers.TestInvoker$MethodInvocationAgent.invoke(TestInvoker.java:961)
at org.testng.internal.invokers.TestInvoker.invokeTestMethods(TestInvoker.java:201)
at org.testng.internal.invokers.TestMethodWorker.invokeTestMethods(TestMethodWorker.java:148)
at org.testng.internal.invokers.TestMethodWorker.run(TestMethodWorker.java:128)
at java.base/java.util.ArrayList.forEach(ArrayList.java:1596)
at org.testng.TestRunner.privateRun(TestRunner.java:819)
at org.testng.TestRunner.run(TestRunner.java:619)
at org.testng.SuiteRunner.runTest(SuiteRunner.java:443)
at org.testng.SuiteRunner.runSequentially(SuiteRunner.java:437)
at org.testng.SuiteRunner.privateRun(SuiteRunner.java:397)
at org.testng.SuiteRunner.run(SuiteRunner.java:336)
at org.testng.SuiteRunnerWorker.runSuite(SuiteRunnerWorker.java:52)
at org.testng.SuiteRunnerWorker.run(SuiteRunnerWorker.java:95)
at org.testng.TestNG.runSuitesSequentially(TestNG.java:1301)
at org.testng.TestNG.runSuitesLocally(TestNG.java:1228)
at org.testng.TestNG.runSuites(TestNG.java:1134)
at org.testng.TestNG.run(TestNG.java:1101)
at org.testng.remote.AbstractRemoteTestNG.run(AbstractRemoteTestNG.java:115)
at org.testng.remote.RemoteTestNG.initAndRun(RemoteTestNG.java:251)
at org.testng.remote.RemoteTestNG.main(RemoteTestNG.java:77)
]]>
            </full-stacktrace>
          </exception> <!-- java.lang.AssertionError -->
          <reporter-output>
          </reporter-output>
        </test-method> <!-- link2Questions -->
        <test-method is-config="true" signature="tearDown()[pri:0, instance:com.insurEdge.testScripts.US17_P1_06@9d5509a]" started-at="2026-02-20T11:26:06 IST" name="tearDown" finished-at="2026-02-20T11:26:12 IST" duration-ms="5960" status="PASS">
          <reporter-output>
          </reporter-output>
        </test-method> <!-- tearDown -->
      </class> <!-- com.insurEdge.testScripts.US17_P1_06 -->
      <class name="com.insurEdge.testScripts.US17_P1_18">
        <test-method is-config="true" signature="setUp(java.lang.String,java.lang.String)[pri:0, instance:com.insurEdge.testScripts.US17_P1_18@b2c9a9c]" started-at="2026-02-20T11:28:28 IST" name="setUp" finished-at="2026-02-20T11:28:33 IST" duration-ms="5051" status="PASS">
          <params>
            <param index="0">
              <value>
                <![CDATA[chrome]]>
              </value>
            </param>
            <param index="1">
              <value>
                <![CDATA[https://qeaskillhub.cognizant.com/LoginPage]]>
              </value>
            </param>
          </params>
          <reporter-output>
          </reporter-output>
        </test-method> <!-- setUp -->
        <test-method is-config="true" signature="initAuthorizePage()[pri:0, instance:com.insurEdge.testScripts.US17_P1_18@b2c9a9c]" started-at="2026-02-20T11:28:33 IST" name="initAuthorizePage" finished-at="2026-02-20T11:28:35 IST" duration-ms="1894" status="PASS">
          <reporter-output>
          </reporter-output>
        </test-method> <!-- initAuthorizePage -->
        <test-method signature="validateApproveButtonPopup()[pri:1, instance:com.insurEdge.testScripts.US17_P1_18@b2c9a9c]" started-at="2026-02-20T11:28:35 IST" name="validateApproveButtonPopup" finished-at="2026-02-20T11:28:36 IST" duration-ms="1069" status="PASS">
          <reporter-output>
          </reporter-output>
        </test-method> <!-- validateApproveButtonPopup -->
        <test-method signature="validateConfirmationPopup()[pri:2, instance:com.insurEdge.testScripts.US17_P1_18@b2c9a9c]" started-at="2026-02-20T11:28:36 IST" name="validateConfirmationPopup" finished-at="2026-02-20T11:28:37 IST" depends-on-methods="com.insurEdge.testScripts.US17_P1_18.validateApproveButtonPopup" duration-ms="688" status="PASS">
          <reporter-output>
          </reporter-output>
        </test-method> <!-- validateConfirmationPopup -->
        <test-method signature="validateStatusChange()[pri:3, instance:com.insurEdge.testScripts.US17_P1_18@b2c9a9c]" started-at="2026-02-20T11:28:37 IST" name="validateStatusChange" finished-at="2026-02-20T11:28:42 IST" depends-on-methods="com.insurEdge.testScripts.US17_P1_18.validateConfirmationPopup" duration-ms="5400" status="PASS">
          <reporter-output>
          </reporter-output>
        </test-method> <!-- validateStatusChange -->
        <test-method is-config="true" signature="tearDown()[pri:0, instance:com.insurEdge.testScripts.US17_P1_18@b2c9a9c]" started-at="2026-02-20T11:28:42 IST" name="tearDown" finished-at="2026-02-20T11:28:47 IST" duration-ms="4762" status="PASS">
          <reporter-output>
          </reporter-output>
        </test-method> <!-- tearDown -->
      </class> <!-- com.insurEdge.testScripts.US17_P1_18 -->
      <class name="com.insurEdge.testScripts.US17_P1_07">
        <test-method is-config="true" signature="setUp(java.lang.String,java.lang.String)[pri:0, instance:com.insurEdge.testScripts.US17_P1_07@179ece50]" started-at="2026-02-20T11:26:12 IST" name="setUp" finished-at="2026-02-20T11:26:17 IST" duration-ms="5217" status="PASS">
          <params>
            <param index="0">
              <value>
                <![CDATA[chrome]]>
              </value>
            </param>
            <param index="1">
              <value>
                <![CDATA[https://qeaskillhub.cognizant.com/LoginPage]]>
              </value>
            </param>
          </params>
          <reporter-output>
          </reporter-output>
        </test-method> <!-- setUp -->
        <test-method signature="validateFooterCredits()[pri:1, instance:com.insurEdge.testScripts.US17_P1_07@179ece50]" started-at="2026-02-20T11:26:17 IST" name="validateFooterCredits" finished-at="2026-02-20T11:26:18 IST" duration-ms="522" status="PASS">
          <reporter-output>
          </reporter-output>
        </test-method> <!-- validateFooterCredits -->
        <test-method signature="validateFooterHyperLink()[pri:2, instance:com.insurEdge.testScripts.US17_P1_07@179ece50]" started-at="2026-02-20T11:26:18 IST" name="validateFooterHyperLink" finished-at="2026-02-20T11:26:19 IST" duration-ms="1920" status="PASS">
          <reporter-output>
          </reporter-output>
        </test-method> <!-- validateFooterHyperLink -->
        <test-method is-config="true" signature="tearDown()[pri:0, instance:com.insurEdge.testScripts.US17_P1_07@179ece50]" started-at="2026-02-20T11:26:19 IST" name="tearDown" finished-at="2026-02-20T11:26:23 IST" duration-ms="4024" status="PASS">
          <reporter-output>
          </reporter-output>
        </test-method> <!-- tearDown -->
      </class> <!-- com.insurEdge.testScripts.US17_P1_07 -->
      <class name="com.insurEdge.testScripts.US17_P1_12">
        <test-method is-config="true" signature="setUp(java.lang.String,java.lang.String)[pri:0, instance:com.insurEdge.testScripts.US17_P1_12@1ff4931d]" started-at="2026-02-20T11:26:57 IST" name="setUp" finished-at="2026-02-20T11:27:02 IST" duration-ms="5083" status="PASS">
          <params>
            <param index="0">
              <value>
                <![CDATA[chrome]]>
              </value>
            </param>
            <param index="1">
              <value>
                <![CDATA[https://qeaskillhub.cognizant.com/LoginPage]]>
              </value>
            </param>
          </params>
          <reporter-output>
          </reporter-output>
        </test-method> <!-- setUp -->
        <test-method is-config="true" signature="initAuthorizePage()[pri:0, instance:com.insurEdge.testScripts.US17_P1_12@1ff4931d]" started-at="2026-02-20T11:27:02 IST" name="initAuthorizePage" finished-at="2026-02-20T11:27:04 IST" duration-ms="1876" status="PASS">
          <reporter-output>
          </reporter-output>
        </test-method> <!-- initAuthorizePage -->
        <test-method signature="validateCustomerTableAppearance()[pri:1, instance:com.insurEdge.testScripts.US17_P1_12@1ff4931d]" started-at="2026-02-20T11:27:04 IST" name="validateCustomerTableAppearance" finished-at="2026-02-20T11:27:04 IST" duration-ms="108" status="PASS">
          <reporter-output>
          </reporter-output>
        </test-method> <!-- validateCustomerTableAppearance -->
        <test-method signature="validateCustomerTableColumnCount()[pri:2, instance:com.insurEdge.testScripts.US17_P1_12@1ff4931d]" started-at="2026-02-20T11:27:04 IST" name="validateCustomerTableColumnCount" finished-at="2026-02-20T11:27:05 IST" duration-ms="614" status="PASS">
          <reporter-output>
          </reporter-output>
        </test-method> <!-- validateCustomerTableColumnCount -->
        <test-method signature="validateCustomerTableColumnText()[pri:3, instance:com.insurEdge.testScripts.US17_P1_12@1ff4931d]" started-at="2026-02-20T11:27:05 IST" name="validateCustomerTableColumnText" finished-at="2026-02-20T11:27:06 IST" duration-ms="1257" status="FAIL">
          <exception class="java.lang.AssertionError">
            <message>
              <![CDATA[Customer Details table column order is incorrect expected [true] but found [false]]]>
            </message>
            <full-stacktrace>
              <![CDATA[java.lang.AssertionError: Customer Details table column order is incorrect expected [true] but found [false]
at org.testng.Assert.fail(Assert.java:111)
at org.testng.Assert.failNotEquals(Assert.java:1578)
at org.testng.Assert.assertTrue(Assert.java:57)
at com.insurEdge.testScripts.US17_P1_12.validateCustomerTableColumnText(US17_P1_12.java:33)
at java.base/jdk.internal.reflect.DirectMethodHandleAccessor.invoke(DirectMethodHandleAccessor.java:103)
at java.base/java.lang.reflect.Method.invoke(Method.java:580)
at org.testng.internal.invokers.MethodInvocationHelper.invokeMethod(MethodInvocationHelper.java:139)
at org.testng.internal.invokers.TestInvoker.invokeMethod(TestInvoker.java:664)
at org.testng.internal.invokers.TestInvoker.invokeTestMethod(TestInvoker.java:228)
at org.testng.internal.invokers.MethodRunner.runInSequence(MethodRunner.java:63)
at org.testng.internal.invokers.TestInvoker$MethodInvocationAgent.invoke(TestInvoker.java:961)
at org.testng.internal.invokers.TestInvoker.invokeTestMethods(TestInvoker.java:201)
at org.testng.internal.invokers.TestMethodWorker.invokeTestMethods(TestMethodWorker.java:148)
at org.testng.internal.invokers.TestMethodWorker.run(TestMethodWorker.java:128)
at java.base/java.util.ArrayList.forEach(ArrayList.java:1596)
at org.testng.TestRunner.privateRun(TestRunner.java:819)
at org.testng.TestRunner.run(TestRunner.java:619)
at org.testng.SuiteRunner.runTest(SuiteRunner.java:443)
at org.testng.SuiteRunner.runSequentially(SuiteRunner.java:437)
at org.testng.SuiteRunner.privateRun(SuiteRunner.java:397)
at org.testng.SuiteRunner.run(SuiteRunner.java:336)
at org.testng.SuiteRunnerWorker.runSuite(SuiteRunnerWorker.java:52)
at org.testng.SuiteRunnerWorker.run(SuiteRunnerWorker.java:95)
at org.testng.TestNG.runSuitesSequentially(TestNG.java:1301)
at org.testng.TestNG.runSuitesLocally(TestNG.java:1228)
at org.testng.TestNG.runSuites(TestNG.java:1134)
at org.testng.TestNG.run(TestNG.java:1101)
at org.testng.remote.AbstractRemoteTestNG.run(AbstractRemoteTestNG.java:115)
at org.testng.remote.RemoteTestNG.initAndRun(RemoteTestNG.java:251)
at org.testng.remote.RemoteTestNG.main(RemoteTestNG.java:77)
]]>
            </full-stacktrace>
          </exception> <!-- java.lang.AssertionError -->
          <reporter-output>
          </reporter-output>
        </test-method> <!-- validateCustomerTableColumnText -->
        <test-method is-config="true" signature="tearDown()[pri:0, instance:com.insurEdge.testScripts.US17_P1_12@1ff4931d]" started-at="2026-02-20T11:27:06 IST" name="tearDown" finished-at="2026-02-20T11:27:10 IST" duration-ms="3795" status="PASS">
          <reporter-output>
          </reporter-output>
        </test-method> <!-- tearDown -->
      </class> <!-- com.insurEdge.testScripts.US17_P1_12 -->
      <class name="com.insurEdge.testScripts.US17_P1_01">
        <test-method is-config="true" signature="setUp(java.lang.String,java.lang.String)[pri:0, instance:com.insurEdge.testScripts.US17_P1_01@3eb25e1a]" started-at="2026-02-20T11:25:01 IST" name="setUp" finished-at="2026-02-20T11:25:09 IST" duration-ms="8023" status="PASS">
          <params>
            <param index="0">
              <value>
                <![CDATA[chrome]]>
              </value>
            </param>
            <param index="1">
              <value>
                <![CDATA[https://qeaskillhub.cognizant.com/LoginPage]]>
              </value>
            </param>
          </params>
          <reporter-output>
          </reporter-output>
        </test-method> <!-- setUp -->
        <test-method signature="validateMenuButton()[pri:1, instance:com.insurEdge.testScripts.US17_P1_01@3eb25e1a]" started-at="2026-02-20T11:25:09 IST" name="validateMenuButton" finished-at="2026-02-20T11:25:10 IST" duration-ms="559" status="PASS">
          <reporter-output>
          </reporter-output>
        </test-method> <!-- validateMenuButton -->
        <test-method signature="validateLogo()[pri:2, instance:com.insurEdge.testScripts.US17_P1_01@3eb25e1a]" started-at="2026-02-20T11:25:10 IST" name="validateLogo" finished-at="2026-02-20T11:25:10 IST" duration-ms="652" status="PASS">
          <reporter-output>
          </reporter-output>
        </test-method> <!-- validateLogo -->
        <test-method signature="validateUsernameDisplayedAndMatch()[pri:3, instance:com.insurEdge.testScripts.US17_P1_01@3eb25e1a]" started-at="2026-02-20T11:25:10 IST" name="validateUsernameDisplayedAndMatch" finished-at="2026-02-20T11:25:10 IST" duration-ms="141" status="PASS">
          <reporter-output>
          </reporter-output>
        </test-method> <!-- validateUsernameDisplayedAndMatch -->
        <test-method signature="validateProfileImageCircular()[pri:4, instance:com.insurEdge.testScripts.US17_P1_01@3eb25e1a]" started-at="2026-02-20T11:25:10 IST" name="validateProfileImageCircular" finished-at="2026-02-20T11:25:11 IST" duration-ms="112" status="PASS">
          <reporter-output>
          </reporter-output>
        </test-method> <!-- validateProfileImageCircular -->
        <test-method signature="validateUsernameColorAndPosition()[pri:5, instance:com.insurEdge.testScripts.US17_P1_01@3eb25e1a]" started-at="2026-02-20T11:25:11 IST" name="validateUsernameColorAndPosition" finished-at="2026-02-20T11:25:11 IST" duration-ms="203" status="PASS">
          <reporter-output>
          </reporter-output>
        </test-method> <!-- validateUsernameColorAndPosition -->
        <test-method signature="validateUserProfileDropdown()[pri:6, instance:com.insurEdge.testScripts.US17_P1_01@3eb25e1a]" started-at="2026-02-20T11:25:11 IST" name="validateUserProfileDropdown" finished-at="2026-02-20T11:25:11 IST" duration-ms="318" status="PASS">
          <reporter-output>
          </reporter-output>
        </test-method> <!-- validateUserProfileDropdown -->
        <test-method is-config="true" signature="tearDown()[pri:0, instance:com.insurEdge.testScripts.US17_P1_01@3eb25e1a]" started-at="2026-02-20T11:25:11 IST" name="tearDown" finished-at="2026-02-20T11:25:15 IST" duration-ms="3892" status="PASS">
          <reporter-output>
          </reporter-output>
        </test-method> <!-- tearDown -->
      </class> <!-- com.insurEdge.testScripts.US17_P1_01 -->
      <class name="com.insurEdge.testScripts.US17_P1_20">
        <test-method is-config="true" signature="setUp(java.lang.String,java.lang.String)[pri:0, instance:com.insurEdge.testScripts.US17_P1_20@fa4c865]" started-at="2026-02-20T11:29:05 IST" name="setUp" finished-at="2026-02-20T11:29:10 IST" duration-ms="5256" status="PASS">
          <params>
            <param index="0">
              <value>
                <![CDATA[chrome]]>
              </value>
            </param>
            <param index="1">
              <value>
                <![CDATA[https://qeaskillhub.cognizant.com/LoginPage]]>
              </value>
            </param>
          </params>
          <reporter-output>
          </reporter-output>
        </test-method> <!-- setUp -->
        <test-method is-config="true" signature="setup()[pri:0, instance:com.insurEdge.testScripts.US17_P1_20@fa4c865]" started-at="2026-02-20T11:29:10 IST" name="setup" finished-at="2026-02-20T11:29:12 IST" duration-ms="2138" status="PASS">
          <reporter-output>
          </reporter-output>
        </test-method> <!-- setup -->
        <test-method signature="validateConfirmDeletePopup()[pri:1, instance:com.insurEdge.testScripts.US17_P1_20@fa4c865]" started-at="2026-02-20T11:29:12 IST" name="validateConfirmDeletePopup" description="Test 1: Validate that when a customer checkbox is selected and the Delete button is clicked, a Delete confirmation popup should be displayed." finished-at="2026-02-20T11:29:13 IST" duration-ms="1167" status="PASS">
          <reporter-output>
          </reporter-output>
        </test-method> <!-- validateConfirmDeletePopup -->
        <test-method signature="validateDeletionSuccess()[pri:2, instance:com.insurEdge.testScripts.US17_P1_20@fa4c865]" started-at="2026-02-20T11:29:13 IST" name="validateDeletionSuccess" description="Test 2: Verify Success popup shows after OK" finished-at="2026-02-20T11:29:14 IST" depends-on-methods="com.insurEdge.testScripts.US17_P1_20.validateConfirmDeletePopup" duration-ms="965" status="PASS">
          <reporter-output>
          </reporter-output>
        </test-method> <!-- validateDeletionSuccess -->
        <test-method signature="validateStatusUpdateInGrid()[pri:3, instance:com.insurEdge.testScripts.US17_P1_20@fa4c865]" started-at="2026-02-20T11:29:14 IST" name="validateStatusUpdateInGrid" description="Test 3: Verify Grid Status updated to Deleted" finished-at="2026-02-20T11:29:26 IST" depends-on-methods="com.insurEdge.testScripts.US17_P1_20.validateDeletionSuccess" duration-ms="12104" status="FAIL">
          <exception class="org.openqa.selenium.TimeoutException">
            <message>
              <![CDATA[Expected condition failed: waiting for visibility of element found by By.xpath: //tr[td[normalize-space()='someCustomerId']]/td[16], but... org.openqa.selenium.NoSuchElementException: no such element: Unable to locate element: {"method":"xpath","selector":"//tr[td[normalize-space()='someCustomerId']]/td[16]"}.
(tried for 10 seconds with 500 milliseconds interval)
Build info: version: '4.40.0', revision: 'b3333f1'
System info: os.name: 'Windows 11', os.arch: 'amd64', os.version: '10.0', java.version: '21'
Driver info: org.openqa.selenium.chrome.ChromeDriver
Capabilities {acceptInsecureCerts: false, browserName: chrome, browserVersion: 142.0.7444.176, chrome: {chromedriverVersion: 142.0.7444.175 (302067f14a4..., userDataDir: C:\Users\2461407\AppData\Lo...}, fedcm:accounts: true, goog:chromeOptions: {debuggerAddress: localhost:50310}, goog:processID: 11808, networkConnectionEnabled: false, pageLoadStrategy: normal, platformName: windows, proxy: Proxy(), se:cdp: ws://localhost:50310/devtoo..., se:cdpVersion: 142.0.7444.176, setWindowRect: true, strictFileInteractability: false, timeouts: {implicit: 0, pageLoad: 300000, script: 30000}, unhandledPromptBehavior: dismiss and notify, webauthn:extension:credBlob: true, webauthn:extension:largeBlob: true, webauthn:extension:minPinLength: true, webauthn:extension:prf: true, webauthn:virtualAuthenticators: true}
Session ID: dcfa5d964e00acf73b0131ab677ea3ab]]>
            </message>
            <full-stacktrace>
              <![CDATA[org.openqa.selenium.TimeoutException: Expected condition failed: waiting for visibility of element found by By.xpath: //tr[td[normalize-space()='someCustomerId']]/td[16], but... org.openqa.selenium.NoSuchElementException: no such element: Unable to locate element: {"method":"xpath","selector":"//tr[td[normalize-space()='someCustomerId']]/td[16]"}.
(tried for 10 seconds with 500 milliseconds interval)
Build info: version: '4.40.0', revision: 'b3333f1'
System info: os.name: 'Windows 11', os.arch: 'amd64', os.version: '10.0', java.version: '21'
Driver info: org.openqa.selenium.chrome.ChromeDriver
Capabilities {acceptInsecureCerts: false, browserName: chrome, browserVersion: 142.0.7444.176, chrome: {chromedriverVersion: 142.0.7444.175 (302067f14a4..., userDataDir: C:\Users\2461407\AppData\Lo...}, fedcm:accounts: true, goog:chromeOptions: {debuggerAddress: localhost:50310}, goog:processID: 11808, networkConnectionEnabled: false, pageLoadStrategy: normal, platformName: windows, proxy: Proxy(), se:cdp: ws://localhost:50310/devtoo..., se:cdpVersion: 142.0.7444.176, setWindowRect: true, strictFileInteractability: false, timeouts: {implicit: 0, pageLoad: 300000, script: 30000}, unhandledPromptBehavior: dismiss and notify, webauthn:extension:credBlob: true, webauthn:extension:largeBlob: true, webauthn:extension:minPinLength: true, webauthn:extension:prf: true, webauthn:virtualAuthenticators: true}
Session ID: dcfa5d964e00acf73b0131ab677ea3ab
at org.openqa.selenium.support.ui.WebDriverWait.timeoutException(WebDriverWait.java:84)
at org.openqa.selenium.support.ui.FluentWait.until(FluentWait.java:231)
at com.insurEdge.AuthorizePage.AuthorizePage.getStatusOfCustomerById(AuthorizePage.java:602)
at com.insurEdge.testScripts.US17_P1_20.validateStatusUpdateInGrid(US17_P1_20.java:38)
at java.base/jdk.internal.reflect.DirectMethodHandleAccessor.invoke(DirectMethodHandleAccessor.java:103)
at java.base/java.lang.reflect.Method.invoke(Method.java:580)
at org.testng.internal.invokers.MethodInvocationHelper.invokeMethod(MethodInvocationHelper.java:139)
at org.testng.internal.invokers.TestInvoker.invokeMethod(TestInvoker.java:664)
at org.testng.internal.invokers.TestInvoker.invokeTestMethod(TestInvoker.java:228)
at org.testng.internal.invokers.MethodRunner.runInSequence(MethodRunner.java:63)
at org.testng.internal.invokers.TestInvoker$MethodInvocationAgent.invoke(TestInvoker.java:961)
at org.testng.internal.invokers.TestInvoker.invokeTestMethods(TestInvoker.java:201)
at org.testng.internal.invokers.TestMethodWorker.invokeTestMethods(TestMethodWorker.java:148)
at org.testng.internal.invokers.TestMethodWorker.run(TestMethodWorker.java:128)
at java.base/java.util.ArrayList.forEach(ArrayList.java:1596)
at org.testng.TestRunner.privateRun(TestRunner.java:819)
at org.testng.TestRunner.run(TestRunner.java:619)
at org.testng.SuiteRunner.runTest(SuiteRunner.java:443)
at org.testng.SuiteRunner.runSequentially(SuiteRunner.java:437)
at org.testng.SuiteRunner.privateRun(SuiteRunner.java:397)
at org.testng.SuiteRunner.run(SuiteRunner.java:336)
at org.testng.SuiteRunnerWorker.runSuite(SuiteRunnerWorker.java:52)
at org.testng.SuiteRunnerWorker.run(SuiteRunnerWorker.java:95)
at org.testng.TestNG.runSuitesSequentially(TestNG.java:1301)
at org.testng.TestNG.runSuitesLocally(TestNG.java:1228)
at org.testng.TestNG.runSuites(TestNG.java:1134)
at org.testng.TestNG.run(TestNG.java:1101)
at org.testng.remote.AbstractRemoteTestNG.run(AbstractRemoteTestNG.java:115)
at org.testng.remote.RemoteTestNG.initAndRun(RemoteTestNG.java:251)
at org.testng.remote.RemoteTestNG.main(RemoteTestNG.java:77)
]]>
            </full-stacktrace>
          </exception> <!-- org.openqa.selenium.TimeoutException -->
          <reporter-output>
          </reporter-output>
        </test-method> <!-- validateStatusUpdateInGrid -->
        <test-method signature="validateDeleteWithNoSelection()[pri:4, instance:com.insurEdge.testScripts.US17_P1_20@fa4c865]" started-at="2026-02-20T11:29:26 IST" name="validateDeleteWithNoSelection" description="Test 4: Verify Confirm popup shows even with NO selection" finished-at="2026-02-20T11:29:27 IST" duration-ms="812" status="PASS">
          <reporter-output>
          </reporter-output>
        </test-method> <!-- validateDeleteWithNoSelection -->
        <test-method signature="validateNoSelectionWarning()[pri:5, instance:com.insurEdge.testScripts.US17_P1_20@fa4c865]" started-at="2026-02-20T11:29:27 IST" name="validateNoSelectionWarning" description="Test 5: Verify No Selection warning shows" finished-at="2026-02-20T11:29:28 IST" depends-on-methods="com.insurEdge.testScripts.US17_P1_20.validateDeleteWithNoSelection" duration-ms="987" status="PASS">
          <reporter-output>
          </reporter-output>
        </test-method> <!-- validateNoSelectionWarning -->
        <test-method is-config="true" signature="tearDown()[pri:0, instance:com.insurEdge.testScripts.US17_P1_20@fa4c865]" started-at="2026-02-20T11:29:28 IST" name="tearDown" finished-at="2026-02-20T11:29:35 IST" duration-ms="6435" status="PASS">
          <reporter-output>
          </reporter-output>
        </test-method> <!-- tearDown -->
      </class> <!-- com.insurEdge.testScripts.US17_P1_20 -->
      <class name="com.insurEdge.testScripts.US17_P1_10">
        <test-method is-config="true" signature="setUp(java.lang.String,java.lang.String)[pri:0, instance:com.insurEdge.testScripts.US17_P1_10@710f4dc7]" started-at="2026-02-20T11:26:46 IST" name="setUp" finished-at="2026-02-20T11:26:51 IST" duration-ms="5206" status="PASS">
          <params>
            <param index="0">
              <value>
                <![CDATA[chrome]]>
              </value>
            </param>
            <param index="1">
              <value>
                <![CDATA[https://qeaskillhub.cognizant.com/LoginPage]]>
              </value>
            </param>
          </params>
          <reporter-output>
          </reporter-output>
        </test-method> <!-- setUp -->
        <test-method is-config="true" signature="initAuthorizePage()[pri:0, instance:com.insurEdge.testScripts.US17_P1_10@710f4dc7]" started-at="2026-02-20T11:26:51 IST" name="initAuthorizePage" finished-at="2026-02-20T11:26:53 IST" duration-ms="1871" status="PASS">
          <reporter-output>
          </reporter-output>
        </test-method> <!-- initAuthorizePage -->
        <test-method signature="validateSearchBoxAppearance()[pri:1, instance:com.insurEdge.testScripts.US17_P1_10@710f4dc7]" started-at="2026-02-20T11:26:53 IST" name="validateSearchBoxAppearance" finished-at="2026-02-20T11:26:53 IST" duration-ms="241" status="PASS">
          <reporter-output>
          </reporter-output>
        </test-method> <!-- validateSearchBoxAppearance -->
        <test-method signature="validatePlaceholderText()[pri:2, instance:com.insurEdge.testScripts.US17_P1_10@710f4dc7]" started-at="2026-02-20T11:26:53 IST" name="validatePlaceholderText" finished-at="2026-02-20T11:26:53 IST" duration-ms="106" status="PASS">
          <reporter-output>
          </reporter-output>
        </test-method> <!-- validatePlaceholderText -->
        <test-method signature="validateSearchBoxPosition()[pri:3, instance:com.insurEdge.testScripts.US17_P1_10@710f4dc7]" started-at="2026-02-20T11:26:53 IST" name="validateSearchBoxPosition" finished-at="2026-02-20T11:26:53 IST" duration-ms="272" status="PASS">
          <reporter-output>
          </reporter-output>
        </test-method> <!-- validateSearchBoxPosition -->
        <test-method is-config="true" signature="tearDown()[pri:0, instance:com.insurEdge.testScripts.US17_P1_10@710f4dc7]" started-at="2026-02-20T11:26:53 IST" name="tearDown" finished-at="2026-02-20T11:26:57 IST" duration-ms="3611" status="PASS">
          <reporter-output>
          </reporter-output>
        </test-method> <!-- tearDown -->
      </class> <!-- com.insurEdge.testScripts.US17_P1_10 -->
    </test> <!-- HeaderAndLeftPanelTests -->
  </suite> <!-- Suite -->
</testng-results>
