<?xml version="1.0" encoding="UTF-8"?>
<testng-results ignored="0" total="2" passed="2" failed="0" skipped="0">
  <reporter-output>
  </reporter-output>
  <suite started-at="2026-02-19T18:13:14 IST" name="Suite" finished-at="2026-02-19T18:13:30 IST" duration-ms="16499">
    <groups>
    </groups>
    <test started-at="2026-02-19T18:13:14 IST" name="HeaderAndLeftPanelTests" finished-at="2026-02-19T18:13:30 IST" duration-ms="16499">
      <class name="com.insurEdge.testScripts.US17_P1_05">
        <test-method is-config="true" signature="setUp(java.lang.String,java.lang.String)[pri:0, instance:com.insurEdge.testScripts.US17_P1_05@128d2484]" started-at="2026-02-19T18:13:14 IST" name="setUp" finished-at="2026-02-19T18:13:23 IST" duration-ms="9031" status="PASS">
          <params>
            <param index="0">
              <value>
                <![CDATA[chrome]]>
              </value>
            </param>
            <param index="1">
              <value>
                <![CDATA[https://qeaskillhub.cognizant.com/LoginPage]]>
              </value>
            </param>
          </params>
          <reporter-output>
          </reporter-output>
        </test-method> <!-- setUp -->
        <test-method signature="validateHamburgerClose()[pri:1, instance:com.insurEdge.testScripts.US17_P1_05@128d2484]" started-at="2026-02-19T18:13:23 IST" name="validateHamburgerClose" finished-at="2026-02-19T18:13:26 IST" duration-ms="2647" status="PASS">
          <reporter-output>
          </reporter-output>
        </test-method> <!-- validateHamburgerClose -->
        <test-method signature="validateHamburgerOpen()[pri:2, instance:com.insurEdge.testScripts.US17_P1_05@128d2484]" started-at="2026-02-19T18:13:26 IST" name="validateHamburgerOpen" finished-at="2026-02-19T18:13:26 IST" duration-ms="645" status="PASS">
          <reporter-output>
          </reporter-output>
        </test-method> <!-- validateHamburgerOpen -->
        <test-method is-config="true" signature="tearDown()[pri:0, instance:com.insurEdge.testScripts.US17_P1_05@128d2484]" started-at="2026-02-19T18:13:26 IST" name="tearDown" finished-at="2026-02-19T18:13:30 IST" duration-ms="4030" status="PASS">
          <reporter-output>
          </reporter-output>
        </test-method> <!-- tearDown -->
      </class> <!-- com.insurEdge.testScripts.US17_P1_05 -->
    </test> <!-- HeaderAndLeftPanelTests -->
  </suite> <!-- Suite -->
</testng-results>
