<?xml version="1.0" encoding="UTF-8"?>
<!-- Generated by org.testng.reporters.JUnitReportReporter -->
<testsuite hostname="LTIN674417" failures="0" tests="5" name="com.insurEdge.testScripts.US17_P1_17" time="9.863" errors="0" timestamp="2026-02-19T10:14:06 IST" skipped="0">
  <testcase classname="com.insurEdge.testScripts.US17_P1_17" name="verifyRecordsDropdownOptions" time="0.221"/>
  <testcase classname="com.insurEdge.testScripts.US17_P1_17" name="verifyDefaultRecordsDropdownValue" time="0.219"/>
  <testcase classname="com.insurEdge.testScripts.US17_P1_17" name="verifySelect10Records" time="3.026"/>
  <testcase classname="com.insurEdge.testScripts.US17_P1_17" name="verifySelect20Records" time="4.369"/>
  <testcase classname="com.insurEdge.testScripts.US17_P1_17" name="verifySelect5Records" time="2.028"/>
</testsuite> <!-- com.insurEdge.testScripts.US17_P1_17 -->
