<?xml version="1.0" encoding="UTF-8"?>
<!-- Generated by org.testng.reporters.JUnitReportReporter -->
<testsuite hostname="LTIN673989" failures="0" tests="5" name="com.insurEdge.testScripts.US17_P1_17" time="12.710" errors="0" timestamp="2026-02-20T11:29:35 IST" skipped="0">
  <testcase classname="com.insurEdge.testScripts.US17_P1_17" name="verifyRecordsDropdownOptions" time="0.291"/>
  <testcase classname="com.insurEdge.testScripts.US17_P1_17" name="verifyDefaultRecordsDropdownValue" time="0.214"/>
  <testcase classname="com.insurEdge.testScripts.US17_P1_17" name="verifySelect10Records" time="3.691"/>
  <testcase classname="com.insurEdge.testScripts.US17_P1_17" name="verifySelect20Records" time="6.147"/>
  <testcase classname="com.insurEdge.testScripts.US17_P1_17" name="verifySelect5Records" time="2.367"/>
</testsuite> <!-- com.insurEdge.testScripts.US17_P1_17 -->
