<?xml version="1.0" encoding="UTF-8"?>
<!-- Generated by org.testng.reporters.JUnitReportReporter -->
<testsuite hostname="LTIN674417" failures="0" tests="3" name="com.insurEdge.testScripts.US17_P1_18" time="6.620" errors="0" timestamp="2026-02-19T10:14:06 IST" skipped="0">
  <testcase classname="com.insurEdge.testScripts.US17_P1_18" name="validateApproveButtonPopup" time="0.717"/>
  <testcase classname="com.insurEdge.testScripts.US17_P1_18" name="validateConfirmationPopup" time="0.484"/>
  <testcase classname="com.insurEdge.testScripts.US17_P1_18" name="validateStatusChange" time="5.419"/>
</testsuite> <!-- com.insurEdge.testScripts.US17_P1_18 -->
