<?xml version="1.0" encoding="UTF-8"?>
<!-- Generated by org.testng.reporters.JUnitReportReporter -->
<testsuite hostname="LTIN674417" failures="0" tests="5" name="com.insurEdge.testScripts.US17_P1_19" time="4.701" errors="0" timestamp="2026-02-19T10:14:06 IST" skipped="0">
  <testcase classname="com.insurEdge.testScripts.US17_P1_19" name="validateConfirmRejectPopup" time="1.083"/>
  <testcase classname="com.insurEdge.testScripts.US17_P1_19" name="validateRejectionSuccess" time="0.757"/>
  <testcase classname="com.insurEdge.testScripts.US17_P1_19" name="validateStatusUpdateInGrid" time="1.601"/>
  <testcase classname="com.insurEdge.testScripts.US17_P1_19" name="validateRejectWithNoSelection" time="0.615"/>
  <testcase classname="com.insurEdge.testScripts.US17_P1_19" name="validateNoSelectionWarning" time="0.645"/>
</testsuite> <!-- com.insurEdge.testScripts.US17_P1_19 -->
