<?xml version="1.0" encoding="UTF-8"?>
<!-- Generated by org.testng.reporters.JUnitReportReporter -->
<testsuite hostname="LTIN674417" failures="0" tests="19" name="com.insurEdge.testScripts.US17_P1_02" time="5.204" errors="0" timestamp="2026-02-19T10:14:06 IST" skipped="0">
  <testcase classname="com.insurEdge.testScripts.US17_P1_02" name="validateDashboard" time="0.470"/>
  <testcase classname="com.insurEdge.testScripts.US17_P1_02" name="validateCustomerMenu" time="0.493"/>
  <testcase classname="com.insurEdge.testScripts.US17_P1_02" name="validateCreateCustomer" time="0.218"/>
  <testcase classname="com.insurEdge.testScripts.US17_P1_02" name="validateViewCustomer" time="0.221"/>
  <testcase classname="com.insurEdge.testScripts.US17_P1_02" name="validateAuthorizeCustomer" time="0.194"/>
  <testcase classname="com.insurEdge.testScripts.US17_P1_02" name="validateCategoryMenu" time="0.414"/>
  <testcase classname="com.insurEdge.testScripts.US17_P1_02" name="validateCreateMainCategory" time="0.192"/>
  <testcase classname="com.insurEdge.testScripts.US17_P1_02" name="validateCreateSubCategory" time="0.200"/>
  <testcase classname="com.insurEdge.testScripts.US17_P1_02" name="validatePolicyMenu" time="0.369"/>
  <testcase classname="com.insurEdge.testScripts.US17_P1_02" name="validateCreatePolicy" time="0.216"/>
  <testcase classname="com.insurEdge.testScripts.US17_P1_02" name="validateAuthorizePolicy" time="0.203"/>
  <testcase classname="com.insurEdge.testScripts.US17_P1_02" name="validateViewPolicy" time="0.163"/>
  <testcase classname="com.insurEdge.testScripts.US17_P1_02" name="validateModifyPolicy" time="0.119"/>
  <testcase classname="com.insurEdge.testScripts.US17_P1_02" name="validatePolicyHolderMenu" time="0.337"/>
  <testcase classname="com.insurEdge.testScripts.US17_P1_02" name="validateAppliedPolicyHolder" time="0.178"/>
  <testcase classname="com.insurEdge.testScripts.US17_P1_02" name="validateApprovedPolicyHolder" time="0.170"/>
  <testcase classname="com.insurEdge.testScripts.US17_P1_02" name="validatePendingPolicyHolder" time="0.167"/>
  <testcase classname="com.insurEdge.testScripts.US17_P1_02" name="validateRejectedPolicyHolder" time="0.169"/>
  <testcase classname="com.insurEdge.testScripts.US17_P1_02" name="validateQuestionsMenuAndLinks" time="0.711"/>
</testsuite> <!-- com.insurEdge.testScripts.US17_P1_02 -->
