<?xml version="1.0" encoding="UTF-8"?>
<!-- Generated by org.testng.reporters.JUnitReportReporter -->
<testsuite hostname="LTIN674417" failures="0" tests="4" name="com.insurEdge.testScripts.US17_P1_03" time="6.686" errors="0" timestamp="2026-02-19T10:14:06 IST" skipped="0">
  <testcase classname="com.insurEdge.testScripts.US17_P1_03" name="validateFooterPresenceOnPages" time="6.155"/>
  <testcase classname="com.insurEdge.testScripts.US17_P1_03" name="validateFooterLine1" time="0.261"/>
  <testcase classname="com.insurEdge.testScripts.US17_P1_03" name="validateFooterLine2" time="0.147"/>
  <testcase classname="com.insurEdge.testScripts.US17_P1_03" name="validateQeaSkillEnableFunctionLink" time="0.123"/>
</testsuite> <!-- com.insurEdge.testScripts.US17_P1_03 -->
