<?xml version="1.0" encoding="UTF-8"?>
<!-- Generated by org.testng.reporters.JUnitReportReporter -->
<testsuite hostname="LTIN673989" failures="0" tests="6" name="com.insurEdge.testScripts.US17_P1_01" time="0.872" errors="0" timestamp="2026-02-19T21:50:45 IST" skipped="0">
  <testcase classname="com.insurEdge.testScripts.US17_P1_01" name="validateMenuButton" time="0.368"/>
  <testcase classname="com.insurEdge.testScripts.US17_P1_01" name="validateLogo" time="0.253"/>
  <testcase classname="com.insurEdge.testScripts.US17_P1_01" name="validateUsernameDisplayedAndMatch" time="0.065"/>
  <testcase classname="com.insurEdge.testScripts.US17_P1_01" name="validateProfileImageCircular" time="0.033"/>
  <testcase classname="com.insurEdge.testScripts.US17_P1_01" name="validateUsernameColorAndPosition" time="0.051"/>
  <testcase classname="com.insurEdge.testScripts.US17_P1_01" name="validateUserProfileDropdown" time="0.102"/>
</testsuite> <!-- com.insurEdge.testScripts.US17_P1_01 -->
