<?xml version="1.0" encoding="UTF-8"?>
<!-- Generated by org.testng.reporters.JUnitReportReporter -->
<testsuite hostname="LTIN673989" failures="0" tests="2" name="com.insurEdge.testScripts.US17_P1_13" time="0.921" errors="0" timestamp="2026-02-20T11:29:35 IST" skipped="0">
  <testcase classname="com.insurEdge.testScripts.US17_P1_13" name="validateCheckboxesVisible" time="0.406"/>
  <testcase classname="com.insurEdge.testScripts.US17_P1_13" name="validateCheckboxSelectionToggle" time="0.515"/>
</testsuite> <!-- com.insurEdge.testScripts.US17_P1_13 -->
