<?xml version="1.0" encoding="UTF-8"?>
<!-- Generated by org.testng.reporters.JUnitReportReporter -->
<testsuite hostname="LTIN674417" failures="0" tests="3" name="com.insurEdge.testScripts.US17_P1_11" time="0.195" errors="0" timestamp="2026-02-17T11:56:18 IST" skipped="0">
  <testcase classname="com.insurEdge.testScripts.US17_P1_11" name="validateDropdownAppearance" time="0.044"/>
  <testcase classname="com.insurEdge.testScripts.US17_P1_11" name="validateDropdownDefaultValue" time="0.051"/>
  <testcase classname="com.insurEdge.testScripts.US17_P1_11" name="validateDropdownPosition" time="0.100"/>
</testsuite> <!-- com.insurEdge.testScripts.US17_P1_11 -->
