<?xml version="1.0" encoding="UTF-8"?>
<!-- Generated by org.testng.reporters.JUnitReportReporter -->
<testsuite hostname="LTIN674417" failures="0" tests="2" name="com.insurEdge.testScripts.US17_P1_08" time="0.207" errors="0" timestamp="2026-02-19T10:14:06 IST" skipped="0">
  <testcase classname="com.insurEdge.testScripts.US17_P1_08" name="validateAuthorizeCustomerTitleColor" time="0.098"/>
  <testcase classname="com.insurEdge.testScripts.US17_P1_08" name="validateBreadcrumbTrailPresence" time="0.109"/>
</testsuite> <!-- com.insurEdge.testScripts.US17_P1_08 -->
