<?xml version="1.0" encoding="UTF-8"?>
<!-- Generated by org.testng.reporters.JUnitReportReporter -->
<testsuite hostname="LTIN674417" failures="0" tests="3" name="com.insurEdge.testScripts.US17_P1_10" time="0.337" errors="0" timestamp="2026-02-19T10:14:06 IST" skipped="0">
  <testcase classname="com.insurEdge.testScripts.US17_P1_10" name="validateSearchBoxAppearance" time="0.125"/>
  <testcase classname="com.insurEdge.testScripts.US17_P1_10" name="validatePlaceholderText" time="0.066"/>
  <testcase classname="com.insurEdge.testScripts.US17_P1_10" name="validateSearchBoxPosition" time="0.146"/>
</testsuite> <!-- com.insurEdge.testScripts.US17_P1_10 -->
