<?xml version="1.0" encoding="UTF-8"?>
<!-- Generated by org.testng.reporters.JUnitReportReporter -->
<testsuite hostname="LTIN674417" failures="0" tests="3" name="com.insurEdge.testScripts.US17_P1_16" time="145.366" errors="0" timestamp="2026-02-19T10:14:06 IST" skipped="0">
  <testcase classname="com.insurEdge.testScripts.US17_P1_16" name="validateNavigationAndSearchBoxVisible" time="0.947"/>
  <testcase classname="com.insurEdge.testScripts.US17_P1_16" name="validateCustomerSearchFromExcelPositive" time="53.151"/>
  <testcase classname="com.insurEdge.testScripts.US17_P1_16" name="validateCustomerSearchFromExcelNegative" time="91.268"/>
</testsuite> <!-- com.insurEdge.testScripts.US17_P1_16 -->
