<?xml version="1.0" encoding="UTF-8"?>
<!-- Generated by org.testng.reporters.JUnitReportReporter -->
<testsuite hostname="LTIN673989" failures="0" tests="3" name="com.insurEdge.testScripts.US17_P1_18" time="7.157" errors="0" timestamp="2026-02-20T11:29:35 IST" skipped="0">
  <testcase classname="com.insurEdge.testScripts.US17_P1_18" name="validateApproveButtonPopup" time="1.069"/>
  <testcase classname="com.insurEdge.testScripts.US17_P1_18" name="validateConfirmationPopup" time="0.688"/>
  <testcase classname="com.insurEdge.testScripts.US17_P1_18" name="validateStatusChange" time="5.400"/>
</testsuite> <!-- com.insurEdge.testScripts.US17_P1_18 -->
