<?xml version="1.0" encoding="UTF-8"?>
<!-- Generated by org.testng.reporters.JUnitReportReporter -->
<testsuite hostname="LTIN673989" failures="0" tests="3" name="com.insurEdge.testScripts.US17_P1_09" time="0.401" errors="0" timestamp="2026-02-20T11:29:35 IST" skipped="0">
  <testcase classname="com.insurEdge.testScripts.US17_P1_09" name="validateApproveButtonUI" time="0.145"/>
  <testcase classname="com.insurEdge.testScripts.US17_P1_09" name="validateRejectButtonUI" time="0.128"/>
  <testcase classname="com.insurEdge.testScripts.US17_P1_09" name="validateDeleteButtonUI" time="0.128"/>
</testsuite> <!-- com.insurEdge.testScripts.US17_P1_09 -->
