<?xml version="1.0" encoding="UTF-8"?>
<!-- Generated by org.testng.reporters.JUnitReportReporter -->
<testsuite hostname="LTIN673989" failures="0" tests="3" name="com.insurEdge.testScripts.US17_P1_10" time="0.619" errors="0" timestamp="2026-02-20T11:29:35 IST" skipped="0">
  <testcase classname="com.insurEdge.testScripts.US17_P1_10" name="validateSearchBoxAppearance" time="0.241"/>
  <testcase classname="com.insurEdge.testScripts.US17_P1_10" name="validatePlaceholderText" time="0.106"/>
  <testcase classname="com.insurEdge.testScripts.US17_P1_10" name="validateSearchBoxPosition" time="0.272"/>
</testsuite> <!-- com.insurEdge.testScripts.US17_P1_10 -->
