<?xml version="1.0" encoding="UTF-8"?>
<!-- Generated by org.testng.reporters.JUnitReportReporter -->
<testsuite hostname="LTIN674417" failures="0" tests="3" name="com.insurEdge.testScripts.US17_P1_09" time="0.330" errors="0" timestamp="2026-02-19T10:14:06 IST" skipped="0">
  <testcase classname="com.insurEdge.testScripts.US17_P1_09" name="validateApproveButtonUI" time="0.090"/>
  <testcase classname="com.insurEdge.testScripts.US17_P1_09" name="validateRejectButtonUI" time="0.109"/>
  <testcase classname="com.insurEdge.testScripts.US17_P1_09" name="validateDeleteButtonUI" time="0.131"/>
</testsuite> <!-- com.insurEdge.testScripts.US17_P1_09 -->
