<?xml version="1.0" encoding="UTF-8"?>
<!-- Generated by org.testng.reporters.JUnitReportReporter -->
<testsuite hostname="LTIN673989" failures="0" tests="5" name="com.insurEdge.testScripts.US17_P1_19" time="5.721" errors="0" timestamp="2026-02-20T11:29:35 IST" skipped="0">
  <testcase classname="com.insurEdge.testScripts.US17_P1_19" name="validateConfirmRejectPopup" time="1.397"/>
  <testcase classname="com.insurEdge.testScripts.US17_P1_19" name="validateRejectionSuccess" time="0.908"/>
  <testcase classname="com.insurEdge.testScripts.US17_P1_19" name="validateStatusUpdateInGrid" time="1.611"/>
  <testcase classname="com.insurEdge.testScripts.US17_P1_19" name="validateRejectWithNoSelection" time="0.770"/>
  <testcase classname="com.insurEdge.testScripts.US17_P1_19" name="validateNoSelectionWarning" time="1.035"/>
</testsuite> <!-- com.insurEdge.testScripts.US17_P1_19 -->
