<?xml version="1.0" encoding="UTF-8"?>
<!-- Generated by org.testng.reporters.JUnitReportReporter -->
<testsuite hostname="LTIN673989" failures="0" tests="2" name="com.insurEdge.testScripts.US17_P1_05" time="1.098" errors="0" timestamp="2026-02-19T21:48:16 IST" skipped="0">
  <testcase classname="com.insurEdge.testScripts.US17_P1_05" name="validateHamburgerClose" time="0.746"/>
  <testcase classname="com.insurEdge.testScripts.US17_P1_05" name="validateHamburgerOpen" time="0.352"/>
</testsuite> <!-- com.insurEdge.testScripts.US17_P1_05 -->
