<?xml version="1.0" encoding="UTF-8"?>
<!-- Generated by org.testng.reporters.JUnitReportReporter -->
<testsuite hostname="LTIN674417" failures="0" tests="2" name="com.insurEdge.testScripts.US17_P1_13" time="0.493" errors="0" timestamp="2026-02-19T10:14:06 IST" skipped="0">
  <testcase classname="com.insurEdge.testScripts.US17_P1_13" name="validateCheckboxesVisible" time="0.177"/>
  <testcase classname="com.insurEdge.testScripts.US17_P1_13" name="validateCheckboxSelectionToggle" time="0.316"/>
</testsuite> <!-- com.insurEdge.testScripts.US17_P1_13 -->
