<?xml version="1.0" encoding="UTF-8"?>
<!-- Generated by org.testng.reporters.JUnitReportReporter -->
<testsuite hostname="LTIN673989" failures="0" tests="4" name="com.insurEdge.testScripts.US17_P1_15" time="5.957" errors="0" timestamp="2026-02-20T11:29:35 IST" skipped="0">
  <testcase classname="com.insurEdge.testScripts.US17_P1_15" name="validateCustomerBreadcrumbVisibleAndStyled" time="0.148"/>
  <testcase classname="com.insurEdge.testScripts.US17_P1_15" name="validateCustomerBreadcrumbRedirectsToDashboard" time="0.650"/>
  <testcase classname="com.insurEdge.testScripts.US17_P1_15" name="customerBreadcrumbClickableAcrossResolutions" time="2.574"/>
  <testcase classname="com.insurEdge.testScripts.US17_P1_15" name="customerBreadcrumbClickableAcrossResolutions" time="2.585"/>
</testsuite> <!-- com.insurEdge.testScripts.US17_P1_15 -->
