<?xml version="1.0" encoding="UTF-8"?>
<!-- Generated by org.testng.reporters.JUnitReportReporter -->
<testsuite hostname="LTIN674417" failures="0" tests="2" name="com.insurEdge.testScripts.US17_P1_07" time="1.857" errors="0" timestamp="2026-02-19T10:14:06 IST" skipped="0">
  <testcase classname="com.insurEdge.testScripts.US17_P1_07" name="validateFooterCredits" time="0.489"/>
  <testcase classname="com.insurEdge.testScripts.US17_P1_07" name="validateFooterHyperLink" time="1.368"/>
</testsuite> <!-- com.insurEdge.testScripts.US17_P1_07 -->
