<?xml version="1.0" encoding="UTF-8"?>
<!-- Generated by org.testng.reporters.JUnitReportReporter -->
<testsuite hostname="LTIN674417" failures="2" tests="21" name="com.insurEdge.testScripts.US17_P1_06" time="19.714" errors="0" timestamp="2026-02-19T10:14:06 IST" skipped="0">
  <testcase classname="com.insurEdge.testScripts.US17_P1_06" name="dashboard" time="0.710"/>
  <testcase classname="com.insurEdge.testScripts.US17_P1_06" name="expandCustomer" time="0.698"/>
  <testcase classname="com.insurEdge.testScripts.US17_P1_06" name="customerCreate" time="0.737"/>
  <testcase classname="com.insurEdge.testScripts.US17_P1_06" name="customerView" time="1.166"/>
  <testcase classname="com.insurEdge.testScripts.US17_P1_06" name="customerAuthorize" time="1.211"/>
  <testcase classname="com.insurEdge.testScripts.US17_P1_06" name="expandCategory" time="0.315"/>
  <testcase classname="com.insurEdge.testScripts.US17_P1_06" name="createMainCategory" time="0.980"/>
  <testcase classname="com.insurEdge.testScripts.US17_P1_06" name="createSubCategory" time="1.256"/>
  <testcase classname="com.insurEdge.testScripts.US17_P1_06" name="expandPolicy" time="0.336"/>
  <testcase classname="com.insurEdge.testScripts.US17_P1_06" name="createPolicy" time="0.813"/>
  <testcase classname="com.insurEdge.testScripts.US17_P1_06" name="authorizePolicy" time="1.649"/>
  <testcase classname="com.insurEdge.testScripts.US17_P1_06" name="viewPolicy" time="1.649"/>
  <testcase classname="com.insurEdge.testScripts.US17_P1_06" name="modifyPolicy" time="1.407"/>
  <testcase classname="com.insurEdge.testScripts.US17_P1_06" name="expandPolicyHolders" time="0.277"/>
  <testcase classname="com.insurEdge.testScripts.US17_P1_06" name="appliedPolicyHolder" time="0.716"/>
  <testcase classname="com.insurEdge.testScripts.US17_P1_06" name="approvedPolicyHolder" time="0.772"/>
  <testcase classname="com.insurEdge.testScripts.US17_P1_06" name="pendingPolicyHolder" time="1.209"/>
  <testcase classname="com.insurEdge.testScripts.US17_P1_06" name="rejectedPolicyHolder" time="1.101"/>
  <testcase classname="com.insurEdge.testScripts.US17_P1_06" name="expandQuestions" time="0.658"/>
  <testcase classname="com.insurEdge.testScripts.US17_P1_06" name="link1Questions" time="0.826">
    <failure message="Link1 Questions NOT reached - Link returned 404" type="java.lang.AssertionError">
      <![CDATA[java.lang.AssertionError: Link1 Questions NOT reached - Link returned 404
at org.testng.Assert.fail(Assert.java:111)
at com.insurEdge.testScripts.US17_P1_06.clickAndValidateWith404(US17_P1_06.java:57)
at com.insurEdge.testScripts.US17_P1_06.link1Questions(US17_P1_06.java:203)
at java.base/jdk.internal.reflect.DirectMethodHandleAccessor.invoke(DirectMethodHandleAccessor.java:103)
at java.base/java.lang.reflect.Method.invoke(Method.java:580)
at org.testng.internal.invokers.MethodInvocationHelper.invokeMethod(MethodInvocationHelper.java:141)
at org.testng.internal.invokers.TestInvoker.invokeMethod(TestInvoker.java:686)
at org.testng.internal.invokers.TestInvoker.invokeTestMethod(TestInvoker.java:230)
at org.testng.internal.invokers.MethodRunner.runInSequence(MethodRunner.java:63)
at org.testng.internal.invokers.TestInvoker$MethodInvocationAgent.invoke(TestInvoker.java:992)
at org.testng.internal.invokers.TestInvoker.invokeTestMethods(TestInvoker.java:203)
at org.testng.internal.invokers.TestMethodWorker.invokeTestMethods(TestMethodWorker.java:154)
at org.testng.internal.invokers.TestMethodWorker.run(TestMethodWorker.java:134)
at java.base/java.util.ArrayList.forEach(ArrayList.java:1596)
at org.testng.TestRunner.privateRun(TestRunner.java:739)
at org.testng.TestRunner.run(TestRunner.java:614)
at org.testng.SuiteRunner.runTest(SuiteRunner.java:421)
at org.testng.SuiteRunner.runSequentially(SuiteRunner.java:413)
at org.testng.SuiteRunner.privateRun(SuiteRunner.java:373)
at org.testng.SuiteRunner.run(SuiteRunner.java:312)
at org.testng.SuiteRunnerWorker.runSuite(SuiteRunnerWorker.java:52)
at org.testng.SuiteRunnerWorker.run(SuiteRunnerWorker.java:95)
at org.testng.TestNG.runSuitesSequentially(TestNG.java:1274)
at org.testng.TestNG.runSuitesLocally(TestNG.java:1208)
at org.testng.TestNG.runSuites(TestNG.java:1112)
at org.testng.TestNG.run(TestNG.java:1079)
at org.testng.remote.AbstractRemoteTestNG.run(AbstractRemoteTestNG.java:115)
at org.testng.remote.RemoteTestNG.initAndRun(RemoteTestNG.java:293)
at org.testng.remote.RemoteTestNG.main(RemoteTestNG.java:91)
]]>
    </failure>
  </testcase> <!-- link1Questions -->
  <testcase classname="com.insurEdge.testScripts.US17_P1_06" name="link2Questions" time="1.228">
    <failure message="Link2 Questions NOT reached - Link returned 404" type="java.lang.AssertionError">
      <![CDATA[java.lang.AssertionError: Link2 Questions NOT reached - Link returned 404
at org.testng.Assert.fail(Assert.java:111)
at com.insurEdge.testScripts.US17_P1_06.clickAndValidateWith404(US17_P1_06.java:57)
at com.insurEdge.testScripts.US17_P1_06.link2Questions(US17_P1_06.java:209)
at java.base/jdk.internal.reflect.DirectMethodHandleAccessor.invoke(DirectMethodHandleAccessor.java:103)
at java.base/java.lang.reflect.Method.invoke(Method.java:580)
at org.testng.internal.invokers.MethodInvocationHelper.invokeMethod(MethodInvocationHelper.java:141)
at org.testng.internal.invokers.TestInvoker.invokeMethod(TestInvoker.java:686)
at org.testng.internal.invokers.TestInvoker.invokeTestMethod(TestInvoker.java:230)
at org.testng.internal.invokers.MethodRunner.runInSequence(MethodRunner.java:63)
at org.testng.internal.invokers.TestInvoker$MethodInvocationAgent.invoke(TestInvoker.java:992)
at org.testng.internal.invokers.TestInvoker.invokeTestMethods(TestInvoker.java:203)
at org.testng.internal.invokers.TestMethodWorker.invokeTestMethods(TestMethodWorker.java:154)
at org.testng.internal.invokers.TestMethodWorker.run(TestMethodWorker.java:134)
at java.base/java.util.ArrayList.forEach(ArrayList.java:1596)
at org.testng.TestRunner.privateRun(TestRunner.java:739)
at org.testng.TestRunner.run(TestRunner.java:614)
at org.testng.SuiteRunner.runTest(SuiteRunner.java:421)
at org.testng.SuiteRunner.runSequentially(SuiteRunner.java:413)
at org.testng.SuiteRunner.privateRun(SuiteRunner.java:373)
at org.testng.SuiteRunner.run(SuiteRunner.java:312)
at org.testng.SuiteRunnerWorker.runSuite(SuiteRunnerWorker.java:52)
at org.testng.SuiteRunnerWorker.run(SuiteRunnerWorker.java:95)
at org.testng.TestNG.runSuitesSequentially(TestNG.java:1274)
at org.testng.TestNG.runSuitesLocally(TestNG.java:1208)
at org.testng.TestNG.runSuites(TestNG.java:1112)
at org.testng.TestNG.run(TestNG.java:1079)
at org.testng.remote.AbstractRemoteTestNG.run(AbstractRemoteTestNG.java:115)
at org.testng.remote.RemoteTestNG.initAndRun(RemoteTestNG.java:293)
at org.testng.remote.RemoteTestNG.main(RemoteTestNG.java:91)
]]>
    </failure>
  </testcase> <!-- link2Questions -->
</testsuite> <!-- com.insurEdge.testScripts.US17_P1_06 -->
