<?xml version="1.0" encoding="UTF-8"?>
<!-- Generated by org.testng.reporters.JUnitReportReporter -->
<testsuite hostname="LTIN674417" failures="0" tests="4" name="com.insurEdge.testScripts.US17_P1_15" time="4.268" errors="0" timestamp="2026-02-19T10:14:06 IST" skipped="0">
  <testcase classname="com.insurEdge.testScripts.US17_P1_15" name="validateCustomerBreadcrumbVisibleAndStyled" time="0.135"/>
  <testcase classname="com.insurEdge.testScripts.US17_P1_15" name="validateCustomerBreadcrumbRedirectsToDashboard" time="0.416"/>
  <testcase classname="com.insurEdge.testScripts.US17_P1_15" name="customerBreadcrumbClickableAcrossResolutions" time="1.897"/>
  <testcase classname="com.insurEdge.testScripts.US17_P1_15" name="customerBreadcrumbClickableAcrossResolutions" time="1.820"/>
</testsuite> <!-- com.insurEdge.testScripts.US17_P1_15 -->
