<?xml version="1.0" encoding="UTF-8"?>
<!-- Generated by org.testng.reporters.JUnitReportReporter -->
<testsuite hostname="LTIN673989" failures="0" tests="6" name="com.insurEdge.testScripts.US17_P1_01" time="1.985" errors="0" timestamp="2026-02-20T11:29:35 IST" skipped="0">
  <testcase classname="com.insurEdge.testScripts.US17_P1_01" name="validateMenuButton" time="0.559"/>
  <testcase classname="com.insurEdge.testScripts.US17_P1_01" name="validateLogo" time="0.652"/>
  <testcase classname="com.insurEdge.testScripts.US17_P1_01" name="validateUsernameDisplayedAndMatch" time="0.141"/>
  <testcase classname="com.insurEdge.testScripts.US17_P1_01" name="validateProfileImageCircular" time="0.112"/>
  <testcase classname="com.insurEdge.testScripts.US17_P1_01" name="validateUsernameColorAndPosition" time="0.203"/>
  <testcase classname="com.insurEdge.testScripts.US17_P1_01" name="validateUserProfileDropdown" time="0.318"/>
</testsuite> <!-- com.insurEdge.testScripts.US17_P1_01 -->
